debug: Tue, 23 Apr 2024 09:03:51 GMT
debug: Project: /Users/hanchuang/Games/RotateBlock
debug: Targets: editor,preview
debug: Incremental file seems great.
debug: Engine path: /Applications/Cocos/Creator/3.8.0/CocosCreator.app/Contents/Resources/resources/3d/engine
debug: Initializing target [Editor]
debug: Loading cache
debug: Loading cache costs 4.489706999622285ms.
debug: Engine features shipped in editor: base,gfx-webgl,gfx-webgl2,gfx-empty,3d,animation,skeletal-animation,2d,ui,particle,particle-2d,physics-framework,physics-2d-framework,intersection-2d,primitive,profiler,occlusion-query,geometry-renderer,debug-renderer,audio,video,xr,light-probe,terrain,webview,tween,tiled-map,spine,dragon-bones,marionette,procedural-animation,custom-pipeline,websocket,websocket-server
debug: Our import map(foo:/bar): {
  "imports": {
    "cc": "cce:/internal/x/cc"
  }
}
debug: Initializing target [Preview]
debug: Loading cache
debug: Loading cache costs 2.7140340004116297ms.
debug: Our import map(foo:/bar): {
  "imports": {
    "cc": "cce:/internal/x/cc"
  }
}
debug: Sync engine features: 2d,animation,audio,base,dragon-bones,gfx-webgl,gfx-webgl2,intersection-2d,particle-2d,physics-2d-box2d,profiler,spine,tiled-map,tween,ui,video,webview
debug: Reset databases. Enumerated domains: [
  {
    "root": "db://internal/",
    "physical": "/Applications/Cocos/Creator/3.8.0/CocosCreator.app/Contents/Resources/resources/3d/engine/editor/assets"
  },
  {
    "root": "db://assets/",
    "physical": "/Users/hanchuang/Games/RotateBlock/assets"
  }
]
debug: Our import map(foo:/bar): {
  "imports": {
    "cc": "cce:/internal/x/cc",
    "db://internal/": "file:///Applications/Cocos/Creator/3.8.0/CocosCreator.app/Contents/Resources/resources/3d/engine/editor/assets/",
    "db://assets/": "file:///Users/hanchuang/Games/RotateBlock/assets/"
  }
}
debug: Our import map(foo:/bar): {
  "imports": {
    "cc": "cce:/internal/x/cc",
    "db://internal/": "file:///Applications/Cocos/Creator/3.8.0/CocosCreator.app/Contents/Resources/resources/3d/engine/editor/assets/",
    "db://assets/": "file:///Users/hanchuang/Games/RotateBlock/assets/"
  }
}
debug: Pulling asset-db.
debug: Fetch asset-db cost: 15.143438999541104ms.
debug: Build iteration starts.
Number of accumulated asset changes: 8
Feature changed: false
debug: Target(editor) build started.
debug: Detected change: cce:/internal/x/cc. Last mtime: Thu Jan 01 1970 08:00:14 GMT+0800 (中国标准时间), Current mtime: Thu Jan 01 1970 08:00:13 GMT+0800 (中国标准时间)
debug: Inspect cce:/internal/x/cc
debug: Resolve cce:/internal/x/cc-fu/base from cce:/internal/x/cc as external dependency cce:/internal/x/cc-fu/base.
debug: Resolve cce:/internal/x/cc-fu/gfx-webgl from cce:/internal/x/cc as external dependency cce:/internal/x/cc-fu/gfx-webgl.
debug: Resolve cce:/internal/x/cc-fu/gfx-webgl2 from cce:/internal/x/cc as external dependency cce:/internal/x/cc-fu/gfx-webgl2.
debug: Resolve cce:/internal/x/cc-fu/gfx-empty from cce:/internal/x/cc as external dependency cce:/internal/x/cc-fu/gfx-empty.
debug: Resolve cce:/internal/x/cc-fu/3d from cce:/internal/x/cc as external dependency cce:/internal/x/cc-fu/3d.
debug: Resolve cce:/internal/x/cc-fu/animation from cce:/internal/x/cc as external dependency cce:/internal/x/cc-fu/animation.
debug: Resolve cce:/internal/x/cc-fu/skeletal-animation from cce:/internal/x/cc as external dependency cce:/internal/x/cc-fu/skeletal-animation.
debug: Resolve cce:/internal/x/cc-fu/2d from cce:/internal/x/cc as external dependency cce:/internal/x/cc-fu/2d.
debug: Resolve cce:/internal/x/cc-fu/sorting from cce:/internal/x/cc as external dependency cce:/internal/x/cc-fu/sorting.
debug: Resolve cce:/internal/x/cc-fu/ui from cce:/internal/x/cc as external dependency cce:/internal/x/cc-fu/ui.
debug: Resolve cce:/internal/x/cc-fu/particle from cce:/internal/x/cc as external dependency cce:/internal/x/cc-fu/particle.
debug: Resolve cce:/internal/x/cc-fu/particle-2d from cce:/internal/x/cc as external dependency cce:/internal/x/cc-fu/particle-2d.
debug: Resolve cce:/internal/x/cc-fu/physics-framework from cce:/internal/x/cc as external dependency cce:/internal/x/cc-fu/physics-framework.
debug: Resolve cce:/internal/x/cc-fu/physics-2d-framework from cce:/internal/x/cc as external dependency cce:/internal/x/cc-fu/physics-2d-framework.
debug: Resolve cce:/internal/x/cc-fu/intersection-2d from cce:/internal/x/cc as external dependency cce:/internal/x/cc-fu/intersection-2d.
debug: Resolve cce:/internal/x/cc-fu/primitive from cce:/internal/x/cc as external dependency cce:/internal/x/cc-fu/primitive.
debug: Resolve cce:/internal/x/cc-fu/profiler from cce:/internal/x/cc as external dependency cce:/internal/x/cc-fu/profiler.
debug: Resolve cce:/internal/x/cc-fu/geometry-renderer from cce:/internal/x/cc as external dependency cce:/internal/x/cc-fu/geometry-renderer.
debug: Resolve cce:/internal/x/cc-fu/audio from cce:/internal/x/cc as external dependency cce:/internal/x/cc-fu/audio.
debug: Resolve cce:/internal/x/cc-fu/video from cce:/internal/x/cc as external dependency cce:/internal/x/cc-fu/video.
debug: Resolve cce:/internal/x/cc-fu/xr from cce:/internal/x/cc as external dependency cce:/internal/x/cc-fu/xr.
debug: Resolve cce:/internal/x/cc-fu/light-probe from cce:/internal/x/cc as external dependency cce:/internal/x/cc-fu/light-probe.
debug: Resolve cce:/internal/x/cc-fu/terrain from cce:/internal/x/cc as external dependency cce:/internal/x/cc-fu/terrain.
debug: Resolve cce:/internal/x/cc-fu/webview from cce:/internal/x/cc as external dependency cce:/internal/x/cc-fu/webview.
debug: Resolve cce:/internal/x/cc-fu/tween from cce:/internal/x/cc as external dependency cce:/internal/x/cc-fu/tween.
debug: Resolve cce:/internal/x/cc-fu/tiled-map from cce:/internal/x/cc as external dependency cce:/internal/x/cc-fu/tiled-map.
debug: Resolve cce:/internal/x/cc-fu/spine from cce:/internal/x/cc as external dependency cce:/internal/x/cc-fu/spine.
debug: Resolve cce:/internal/x/cc-fu/dragon-bones from cce:/internal/x/cc as external dependency cce:/internal/x/cc-fu/dragon-bones.
debug: Resolve cce:/internal/x/cc-fu/custom-pipeline from cce:/internal/x/cc as external dependency cce:/internal/x/cc-fu/custom-pipeline.
debug: Detected change: cce:/internal/x/prerequisite-imports. Last mtime: Thu Jan 01 1970 08:00:29 GMT+0800 (中国标准时间), Current mtime: Thu Jan 01 1970 08:00:26 GMT+0800 (中国标准时间)
debug: Inspect cce:/internal/x/prerequisite-imports
debug: Resolve file:///Applications/Cocos/Creator/3.8.0/CocosCreator.app/Contents/Resources/resources/3d/engine/editor/assets/tools/debug-view-runtime-control.ts from cce:/internal/x/prerequisite-imports as file:///Applications/Cocos/Creator/3.8.0/CocosCreator.app/Contents/Resources/resources/3d/engine/editor/assets/tools/debug-view-runtime-control.ts.
debug: Resolve cc from file:///Applications/Cocos/Creator/3.8.0/CocosCreator.app/Contents/Resources/resources/3d/engine/editor/assets/tools/debug-view-runtime-control.ts as cce:/internal/x/cc.
debug: Resolve cc from file:///Applications/Cocos/Creator/3.8.0/CocosCreator.app/Contents/Resources/resources/3d/engine/editor/assets/tools/debug-view-runtime-control.ts as cce:/internal/x/cc.
debug: Resolve cc from file:///Applications/Cocos/Creator/3.8.0/CocosCreator.app/Contents/Resources/resources/3d/engine/editor/assets/tools/debug-view-runtime-control.ts as cce:/internal/x/cc.
debug: Resolve file:///Users/hanchuang/Games/RotateBlock/assets/src/Block.ts from cce:/internal/x/prerequisite-imports as file:///Users/hanchuang/Games/RotateBlock/assets/src/Block.ts.
debug: Resolve cce:/internal/code-quality/cr.mjs from file:///Users/hanchuang/Games/RotateBlock/assets/src/Block.ts as cce:/internal/code-quality/cr.mjs.
debug: Detected change: cce:/internal/code-quality/cr.mjs. Last mtime: Thu Apr 11 2024 18:51:34 GMT+0800 (中国标准时间), Current mtime: Tue Apr 23 2024 17:03:37 GMT+0800 (中国标准时间)
debug: Inspect cce:/internal/code-quality/cr.mjs
debug: Resolve cc from file:///Users/hanchuang/Games/RotateBlock/assets/src/Block.ts as cce:/internal/x/cc.
debug: Resolve cc from file:///Users/hanchuang/Games/RotateBlock/assets/src/Block.ts as cce:/internal/x/cc.
debug: Resolve cc from file:///Users/hanchuang/Games/RotateBlock/assets/src/Block.ts as cce:/internal/x/cc.
debug: Resolve ./BlockEnum from file:///Users/hanchuang/Games/RotateBlock/assets/src/Block.ts as file:///Users/hanchuang/Games/RotateBlock/assets/src/BlockEnum.ts.
debug: Resolve cc from file:///Users/hanchuang/Games/RotateBlock/assets/src/BlockEnum.ts as cce:/internal/x/cc.
debug: Resolve ./GameController from file:///Users/hanchuang/Games/RotateBlock/assets/src/Block.ts as file:///Users/hanchuang/Games/RotateBlock/assets/src/GameController.ts.
debug: Resolve cce:/internal/code-quality/cr.mjs from file:///Users/hanchuang/Games/RotateBlock/assets/src/GameController.ts as cce:/internal/code-quality/cr.mjs.
debug: Resolve cc from file:///Users/hanchuang/Games/RotateBlock/assets/src/GameController.ts as cce:/internal/x/cc.
debug: Resolve cc from file:///Users/hanchuang/Games/RotateBlock/assets/src/GameController.ts as cce:/internal/x/cc.
debug: Resolve ./GameArea from file:///Users/hanchuang/Games/RotateBlock/assets/src/GameController.ts as file:///Users/hanchuang/Games/RotateBlock/assets/src/GameArea.ts.
debug: Resolve cce:/internal/code-quality/cr.mjs from file:///Users/hanchuang/Games/RotateBlock/assets/src/GameArea.ts as cce:/internal/code-quality/cr.mjs.
debug: Resolve cc from file:///Users/hanchuang/Games/RotateBlock/assets/src/GameArea.ts as cce:/internal/x/cc.
debug: Resolve cc from file:///Users/hanchuang/Games/RotateBlock/assets/src/GameArea.ts as cce:/internal/x/cc.
debug: Resolve cc from file:///Users/hanchuang/Games/RotateBlock/assets/src/GameArea.ts as cce:/internal/x/cc.
debug: Resolve ./Grid from file:///Users/hanchuang/Games/RotateBlock/assets/src/GameArea.ts as file:///Users/hanchuang/Games/RotateBlock/assets/src/Grid.ts.
debug: Resolve cce:/internal/code-quality/cr.mjs from file:///Users/hanchuang/Games/RotateBlock/assets/src/Grid.ts as cce:/internal/code-quality/cr.mjs.
debug: Resolve cc from file:///Users/hanchuang/Games/RotateBlock/assets/src/Grid.ts as cce:/internal/x/cc.
debug: Resolve cc from file:///Users/hanchuang/Games/RotateBlock/assets/src/Grid.ts as cce:/internal/x/cc.
debug: Resolve cc from file:///Users/hanchuang/Games/RotateBlock/assets/src/Grid.ts as cce:/internal/x/cc.
debug: Resolve ./ColorEnum from file:///Users/hanchuang/Games/RotateBlock/assets/src/Grid.ts as file:///Users/hanchuang/Games/RotateBlock/assets/src/ColorEnum.ts.
debug: Resolve cc from file:///Users/hanchuang/Games/RotateBlock/assets/src/ColorEnum.ts as cce:/internal/x/cc.
debug: Resolve ./GameController from file:///Users/hanchuang/Games/RotateBlock/assets/src/Grid.ts as file:///Users/hanchuang/Games/RotateBlock/assets/src/GameController.ts.
debug: Resolve ./Block from file:///Users/hanchuang/Games/RotateBlock/assets/src/Grid.ts as file:///Users/hanchuang/Games/RotateBlock/assets/src/Block.ts.
debug: Resolve ./GameController from file:///Users/hanchuang/Games/RotateBlock/assets/src/GameArea.ts as file:///Users/hanchuang/Games/RotateBlock/assets/src/GameController.ts.
debug: Resolve ./BlockEnum from file:///Users/hanchuang/Games/RotateBlock/assets/src/GameArea.ts as file:///Users/hanchuang/Games/RotateBlock/assets/src/BlockEnum.ts.
debug: Resolve ./Block from file:///Users/hanchuang/Games/RotateBlock/assets/src/GameController.ts as file:///Users/hanchuang/Games/RotateBlock/assets/src/Block.ts.
debug: Resolve ./ColorEnum from file:///Users/hanchuang/Games/RotateBlock/assets/src/Block.ts as file:///Users/hanchuang/Games/RotateBlock/assets/src/ColorEnum.ts.
debug: Resolve file:///Users/hanchuang/Games/RotateBlock/assets/src/BlockEnum.ts from cce:/internal/x/prerequisite-imports as file:///Users/hanchuang/Games/RotateBlock/assets/src/BlockEnum.ts.
debug: Resolve file:///Users/hanchuang/Games/RotateBlock/assets/src/ColorEnum.ts from cce:/internal/x/prerequisite-imports as file:///Users/hanchuang/Games/RotateBlock/assets/src/ColorEnum.ts.
debug: Resolve file:///Users/hanchuang/Games/RotateBlock/assets/src/GameArea.ts from cce:/internal/x/prerequisite-imports as file:///Users/hanchuang/Games/RotateBlock/assets/src/GameArea.ts.
debug: Resolve file:///Users/hanchuang/Games/RotateBlock/assets/src/GameController.ts from cce:/internal/x/prerequisite-imports as file:///Users/hanchuang/Games/RotateBlock/assets/src/GameController.ts.
debug: Resolve file:///Users/hanchuang/Games/RotateBlock/assets/src/GameScene.ts from cce:/internal/x/prerequisite-imports as file:///Users/hanchuang/Games/RotateBlock/assets/src/GameScene.ts.
debug: Resolve cce:/internal/code-quality/cr.mjs from file:///Users/hanchuang/Games/RotateBlock/assets/src/GameScene.ts as cce:/internal/code-quality/cr.mjs.
debug: Resolve cc from file:///Users/hanchuang/Games/RotateBlock/assets/src/GameScene.ts as cce:/internal/x/cc.
debug: Resolve cc from file:///Users/hanchuang/Games/RotateBlock/assets/src/GameScene.ts as cce:/internal/x/cc.
debug: Resolve cc from file:///Users/hanchuang/Games/RotateBlock/assets/src/GameScene.ts as cce:/internal/x/cc.
debug: Resolve ./GameController from file:///Users/hanchuang/Games/RotateBlock/assets/src/GameScene.ts as file:///Users/hanchuang/Games/RotateBlock/assets/src/GameController.ts.
debug: Resolve file:///Users/hanchuang/Games/RotateBlock/assets/src/Grid.ts from cce:/internal/x/prerequisite-imports as file:///Users/hanchuang/Games/RotateBlock/assets/src/Grid.ts.
debug: Target(editor) ends with cost 152.44183100014925ms.
debug: Target(preview) build started.
debug: Detected change: cce:/internal/x/cc. Last mtime: Thu Jan 01 1970 08:00:27 GMT+0800 (中国标准时间), Current mtime: Thu Jan 01 1970 08:00:26 GMT+0800 (中国标准时间)
debug: Inspect cce:/internal/x/cc
debug: Resolve cce:/internal/x/cc-fu/2d from cce:/internal/x/cc as external dependency cce:/internal/x/cc-fu/2d.
debug: Resolve cce:/internal/x/cc-fu/sorting from cce:/internal/x/cc as external dependency cce:/internal/x/cc-fu/sorting.
debug: Resolve cce:/internal/x/cc-fu/animation from cce:/internal/x/cc as external dependency cce:/internal/x/cc-fu/animation.
debug: Resolve cce:/internal/x/cc-fu/audio from cce:/internal/x/cc as external dependency cce:/internal/x/cc-fu/audio.
debug: Resolve cce:/internal/x/cc-fu/base from cce:/internal/x/cc as external dependency cce:/internal/x/cc-fu/base.
debug: Resolve cce:/internal/x/cc-fu/dragon-bones from cce:/internal/x/cc as external dependency cce:/internal/x/cc-fu/dragon-bones.
debug: Resolve cce:/internal/x/cc-fu/gfx-webgl from cce:/internal/x/cc as external dependency cce:/internal/x/cc-fu/gfx-webgl.
debug: Resolve cce:/internal/x/cc-fu/gfx-webgl2 from cce:/internal/x/cc as external dependency cce:/internal/x/cc-fu/gfx-webgl2.
debug: Resolve cce:/internal/x/cc-fu/intersection-2d from cce:/internal/x/cc as external dependency cce:/internal/x/cc-fu/intersection-2d.
debug: Resolve cce:/internal/x/cc-fu/particle-2d from cce:/internal/x/cc as external dependency cce:/internal/x/cc-fu/particle-2d.
debug: Resolve cce:/internal/x/cc-fu/physics-2d-box2d from cce:/internal/x/cc as external dependency cce:/internal/x/cc-fu/physics-2d-box2d.
debug: Resolve cce:/internal/x/cc-fu/physics-2d-framework from cce:/internal/x/cc as external dependency cce:/internal/x/cc-fu/physics-2d-framework.
debug: Resolve cce:/internal/x/cc-fu/profiler from cce:/internal/x/cc as external dependency cce:/internal/x/cc-fu/profiler.
debug: Resolve cce:/internal/x/cc-fu/spine from cce:/internal/x/cc as external dependency cce:/internal/x/cc-fu/spine.
debug: Resolve cce:/internal/x/cc-fu/tiled-map from cce:/internal/x/cc as external dependency cce:/internal/x/cc-fu/tiled-map.
debug: Resolve cce:/internal/x/cc-fu/tween from cce:/internal/x/cc as external dependency cce:/internal/x/cc-fu/tween.
debug: Resolve cce:/internal/x/cc-fu/ui from cce:/internal/x/cc as external dependency cce:/internal/x/cc-fu/ui.
debug: Resolve cce:/internal/x/cc-fu/video from cce:/internal/x/cc as external dependency cce:/internal/x/cc-fu/video.
debug: Resolve cce:/internal/x/cc-fu/webview from cce:/internal/x/cc as external dependency cce:/internal/x/cc-fu/webview.
debug: Detected change: cce:/internal/x/prerequisite-imports. Last mtime: Thu Jan 01 1970 08:00:29 GMT+0800 (中国标准时间), Current mtime: Thu Jan 01 1970 08:00:26 GMT+0800 (中国标准时间)
debug: Inspect cce:/internal/x/prerequisite-imports
debug: Resolve file:///Applications/Cocos/Creator/3.8.0/CocosCreator.app/Contents/Resources/resources/3d/engine/editor/assets/tools/debug-view-runtime-control.ts from cce:/internal/x/prerequisite-imports as file:///Applications/Cocos/Creator/3.8.0/CocosCreator.app/Contents/Resources/resources/3d/engine/editor/assets/tools/debug-view-runtime-control.ts.
debug: Resolve cc from file:///Applications/Cocos/Creator/3.8.0/CocosCreator.app/Contents/Resources/resources/3d/engine/editor/assets/tools/debug-view-runtime-control.ts as cce:/internal/x/cc.
debug: Resolve cc from file:///Applications/Cocos/Creator/3.8.0/CocosCreator.app/Contents/Resources/resources/3d/engine/editor/assets/tools/debug-view-runtime-control.ts as cce:/internal/x/cc.
debug: Resolve cc from file:///Applications/Cocos/Creator/3.8.0/CocosCreator.app/Contents/Resources/resources/3d/engine/editor/assets/tools/debug-view-runtime-control.ts as cce:/internal/x/cc.
debug: Resolve file:///Users/hanchuang/Games/RotateBlock/assets/src/Block.ts from cce:/internal/x/prerequisite-imports as file:///Users/hanchuang/Games/RotateBlock/assets/src/Block.ts.
debug: Resolve cce:/internal/code-quality/cr.mjs from file:///Users/hanchuang/Games/RotateBlock/assets/src/Block.ts as cce:/internal/code-quality/cr.mjs.
debug: Detected change: cce:/internal/code-quality/cr.mjs. Last mtime: Thu Apr 11 2024 18:51:34 GMT+0800 (中国标准时间), Current mtime: Tue Apr 23 2024 17:03:37 GMT+0800 (中国标准时间)
debug: Inspect cce:/internal/code-quality/cr.mjs
debug: Resolve cc from file:///Users/hanchuang/Games/RotateBlock/assets/src/Block.ts as cce:/internal/x/cc.
debug: Resolve cc from file:///Users/hanchuang/Games/RotateBlock/assets/src/Block.ts as cce:/internal/x/cc.
debug: Resolve cc from file:///Users/hanchuang/Games/RotateBlock/assets/src/Block.ts as cce:/internal/x/cc.
debug: Resolve ./BlockEnum from file:///Users/hanchuang/Games/RotateBlock/assets/src/Block.ts as file:///Users/hanchuang/Games/RotateBlock/assets/src/BlockEnum.ts.
debug: Resolve cc from file:///Users/hanchuang/Games/RotateBlock/assets/src/BlockEnum.ts as cce:/internal/x/cc.
debug: Resolve ./GameController from file:///Users/hanchuang/Games/RotateBlock/assets/src/Block.ts as file:///Users/hanchuang/Games/RotateBlock/assets/src/GameController.ts.
debug: Resolve cce:/internal/code-quality/cr.mjs from file:///Users/hanchuang/Games/RotateBlock/assets/src/GameController.ts as cce:/internal/code-quality/cr.mjs.
debug: Resolve cc from file:///Users/hanchuang/Games/RotateBlock/assets/src/GameController.ts as cce:/internal/x/cc.
debug: Resolve cc from file:///Users/hanchuang/Games/RotateBlock/assets/src/GameController.ts as cce:/internal/x/cc.
debug: Resolve ./GameArea from file:///Users/hanchuang/Games/RotateBlock/assets/src/GameController.ts as file:///Users/hanchuang/Games/RotateBlock/assets/src/GameArea.ts.
debug: Resolve cce:/internal/code-quality/cr.mjs from file:///Users/hanchuang/Games/RotateBlock/assets/src/GameArea.ts as cce:/internal/code-quality/cr.mjs.
debug: Resolve cc from file:///Users/hanchuang/Games/RotateBlock/assets/src/GameArea.ts as cce:/internal/x/cc.
debug: Resolve cc from file:///Users/hanchuang/Games/RotateBlock/assets/src/GameArea.ts as cce:/internal/x/cc.
debug: Resolve cc from file:///Users/hanchuang/Games/RotateBlock/assets/src/GameArea.ts as cce:/internal/x/cc.
debug: Resolve ./Grid from file:///Users/hanchuang/Games/RotateBlock/assets/src/GameArea.ts as file:///Users/hanchuang/Games/RotateBlock/assets/src/Grid.ts.
debug: Resolve cce:/internal/code-quality/cr.mjs from file:///Users/hanchuang/Games/RotateBlock/assets/src/Grid.ts as cce:/internal/code-quality/cr.mjs.
debug: Resolve cc from file:///Users/hanchuang/Games/RotateBlock/assets/src/Grid.ts as cce:/internal/x/cc.
debug: Resolve cc from file:///Users/hanchuang/Games/RotateBlock/assets/src/Grid.ts as cce:/internal/x/cc.
debug: Resolve cc from file:///Users/hanchuang/Games/RotateBlock/assets/src/Grid.ts as cce:/internal/x/cc.
debug: Resolve ./ColorEnum from file:///Users/hanchuang/Games/RotateBlock/assets/src/Grid.ts as file:///Users/hanchuang/Games/RotateBlock/assets/src/ColorEnum.ts.
debug: Resolve cc from file:///Users/hanchuang/Games/RotateBlock/assets/src/ColorEnum.ts as cce:/internal/x/cc.
debug: Resolve ./GameController from file:///Users/hanchuang/Games/RotateBlock/assets/src/Grid.ts as file:///Users/hanchuang/Games/RotateBlock/assets/src/GameController.ts.
debug: Resolve ./Block from file:///Users/hanchuang/Games/RotateBlock/assets/src/Grid.ts as file:///Users/hanchuang/Games/RotateBlock/assets/src/Block.ts.
debug: Resolve ./GameController from file:///Users/hanchuang/Games/RotateBlock/assets/src/GameArea.ts as file:///Users/hanchuang/Games/RotateBlock/assets/src/GameController.ts.
debug: Resolve ./BlockEnum from file:///Users/hanchuang/Games/RotateBlock/assets/src/GameArea.ts as file:///Users/hanchuang/Games/RotateBlock/assets/src/BlockEnum.ts.
debug: Resolve ./Block from file:///Users/hanchuang/Games/RotateBlock/assets/src/GameController.ts as file:///Users/hanchuang/Games/RotateBlock/assets/src/Block.ts.
debug: Resolve ./ColorEnum from file:///Users/hanchuang/Games/RotateBlock/assets/src/Block.ts as file:///Users/hanchuang/Games/RotateBlock/assets/src/ColorEnum.ts.
debug: Resolve file:///Users/hanchuang/Games/RotateBlock/assets/src/BlockEnum.ts from cce:/internal/x/prerequisite-imports as file:///Users/hanchuang/Games/RotateBlock/assets/src/BlockEnum.ts.
debug: Resolve file:///Users/hanchuang/Games/RotateBlock/assets/src/ColorEnum.ts from cce:/internal/x/prerequisite-imports as file:///Users/hanchuang/Games/RotateBlock/assets/src/ColorEnum.ts.
debug: Resolve file:///Users/hanchuang/Games/RotateBlock/assets/src/GameArea.ts from cce:/internal/x/prerequisite-imports as file:///Users/hanchuang/Games/RotateBlock/assets/src/GameArea.ts.
debug: Resolve file:///Users/hanchuang/Games/RotateBlock/assets/src/GameController.ts from cce:/internal/x/prerequisite-imports as file:///Users/hanchuang/Games/RotateBlock/assets/src/GameController.ts.
debug: Resolve file:///Users/hanchuang/Games/RotateBlock/assets/src/GameScene.ts from cce:/internal/x/prerequisite-imports as file:///Users/hanchuang/Games/RotateBlock/assets/src/GameScene.ts.
debug: Resolve cce:/internal/code-quality/cr.mjs from file:///Users/hanchuang/Games/RotateBlock/assets/src/GameScene.ts as cce:/internal/code-quality/cr.mjs.
debug: Resolve cc from file:///Users/hanchuang/Games/RotateBlock/assets/src/GameScene.ts as cce:/internal/x/cc.
debug: Resolve cc from file:///Users/hanchuang/Games/RotateBlock/assets/src/GameScene.ts as cce:/internal/x/cc.
debug: Resolve cc from file:///Users/hanchuang/Games/RotateBlock/assets/src/GameScene.ts as cce:/internal/x/cc.
debug: Resolve ./GameController from file:///Users/hanchuang/Games/RotateBlock/assets/src/GameScene.ts as file:///Users/hanchuang/Games/RotateBlock/assets/src/GameController.ts.
debug: Resolve file:///Users/hanchuang/Games/RotateBlock/assets/src/Grid.ts from cce:/internal/x/prerequisite-imports as file:///Users/hanchuang/Games/RotateBlock/assets/src/Grid.ts.
debug: Target(preview) ends with cost 141.63650200050324ms.
debug: Pulling asset-db.
debug: Fetch asset-db cost: 1015.365783999674ms.
debug: Build iteration starts.
Number of accumulated asset changes: 8
Feature changed: false
debug: Target(editor) build started.
debug: Detected change: cce:/internal/x/prerequisite-imports. Last mtime: Thu Jan 01 1970 08:00:26 GMT+0800 (中国标准时间), Current mtime: Thu Jan 01 1970 08:00:27 GMT+0800 (中国标准时间)
debug: Inspect cce:/internal/x/prerequisite-imports
debug: Resolve file:///Applications/Cocos/Creator/3.8.0/CocosCreator.app/Contents/Resources/resources/3d/engine/editor/assets/tools/debug-view-runtime-control.ts from cce:/internal/x/prerequisite-imports as file:///Applications/Cocos/Creator/3.8.0/CocosCreator.app/Contents/Resources/resources/3d/engine/editor/assets/tools/debug-view-runtime-control.ts.
debug: Resolve file:///Users/hanchuang/Games/RotateBlock/assets/src/Block.ts from cce:/internal/x/prerequisite-imports as file:///Users/hanchuang/Games/RotateBlock/assets/src/Block.ts.
debug: Resolve file:///Users/hanchuang/Games/RotateBlock/assets/src/BlockEnum.ts from cce:/internal/x/prerequisite-imports as file:///Users/hanchuang/Games/RotateBlock/assets/src/BlockEnum.ts.
debug: Resolve file:///Users/hanchuang/Games/RotateBlock/assets/src/ColorEnum.ts from cce:/internal/x/prerequisite-imports as file:///Users/hanchuang/Games/RotateBlock/assets/src/ColorEnum.ts.
debug: Resolve file:///Users/hanchuang/Games/RotateBlock/assets/src/GameArea.ts from cce:/internal/x/prerequisite-imports as file:///Users/hanchuang/Games/RotateBlock/assets/src/GameArea.ts.
debug: Resolve file:///Users/hanchuang/Games/RotateBlock/assets/src/GameController.ts from cce:/internal/x/prerequisite-imports as file:///Users/hanchuang/Games/RotateBlock/assets/src/GameController.ts.
debug: Resolve file:///Users/hanchuang/Games/RotateBlock/assets/src/GameScene.ts from cce:/internal/x/prerequisite-imports as file:///Users/hanchuang/Games/RotateBlock/assets/src/GameScene.ts.
debug: Resolve file:///Users/hanchuang/Games/RotateBlock/assets/src/Grid.ts from cce:/internal/x/prerequisite-imports as file:///Users/hanchuang/Games/RotateBlock/assets/src/Grid.ts.
debug: Target(editor) ends with cost 45.499933999963105ms.
debug: Target(preview) build started.
debug: Detected change: cce:/internal/x/prerequisite-imports. Last mtime: Thu Jan 01 1970 08:00:26 GMT+0800 (中国标准时间), Current mtime: Thu Jan 01 1970 08:00:27 GMT+0800 (中国标准时间)
debug: Inspect cce:/internal/x/prerequisite-imports
debug: Resolve file:///Applications/Cocos/Creator/3.8.0/CocosCreator.app/Contents/Resources/resources/3d/engine/editor/assets/tools/debug-view-runtime-control.ts from cce:/internal/x/prerequisite-imports as file:///Applications/Cocos/Creator/3.8.0/CocosCreator.app/Contents/Resources/resources/3d/engine/editor/assets/tools/debug-view-runtime-control.ts.
debug: Resolve file:///Users/hanchuang/Games/RotateBlock/assets/src/Block.ts from cce:/internal/x/prerequisite-imports as file:///Users/hanchuang/Games/RotateBlock/assets/src/Block.ts.
debug: Resolve file:///Users/hanchuang/Games/RotateBlock/assets/src/BlockEnum.ts from cce:/internal/x/prerequisite-imports as file:///Users/hanchuang/Games/RotateBlock/assets/src/BlockEnum.ts.
debug: Resolve file:///Users/hanchuang/Games/RotateBlock/assets/src/ColorEnum.ts from cce:/internal/x/prerequisite-imports as file:///Users/hanchuang/Games/RotateBlock/assets/src/ColorEnum.ts.
debug: Resolve file:///Users/hanchuang/Games/RotateBlock/assets/src/GameArea.ts from cce:/internal/x/prerequisite-imports as file:///Users/hanchuang/Games/RotateBlock/assets/src/GameArea.ts.
debug: Resolve file:///Users/hanchuang/Games/RotateBlock/assets/src/GameController.ts from cce:/internal/x/prerequisite-imports as file:///Users/hanchuang/Games/RotateBlock/assets/src/GameController.ts.
debug: Resolve file:///Users/hanchuang/Games/RotateBlock/assets/src/GameScene.ts from cce:/internal/x/prerequisite-imports as file:///Users/hanchuang/Games/RotateBlock/assets/src/GameScene.ts.
debug: Resolve file:///Users/hanchuang/Games/RotateBlock/assets/src/Grid.ts from cce:/internal/x/prerequisite-imports as file:///Users/hanchuang/Games/RotateBlock/assets/src/Grid.ts.
debug: Target(preview) ends with cost 44.89922699984163ms.
