2024-4-23 17:03:44-log: Cannot access game frame or container.
2024-4-23 17:03:44-debug: asset-db:require-engine-code (1730ms)
2024-4-23 17:03:45-log: Cocos Creator v3.8.0
2024-4-23 17:03:45-debug: [Assets Memory track]: asset-db:worker-init: initEngine start:18.89MB, end 87.79MB, increase: 68.90MB
2024-4-23 17:03:45-debug: [Assets Memory track]: asset-db-plugin-register: programming start:88.65MB, end 93.86MB, increase: 5.21MB
2024-4-23 17:03:45-debug: [Assets Memory track]: asset-db:worker-init: initPlugin start:87.80MB, end 91.23MB, increase: 3.44MB
2024-4-23 17:03:45-debug: asset-db:worker-init: initPlugin (416ms)
2024-4-23 17:03:45-debug: [Assets Memory track]: asset-db:worker-init start:18.89MB, end 91.28MB, increase: 72.39MB
2024-4-23 17:03:45-debug: Run asset db hook engine-extends:beforePreStart ...
2024-4-23 17:03:45-debug: Run asset db hook programming:beforePreStart ...
2024-4-23 17:03:45-debug: Run asset db hook programming:beforePreStart success!
2024-4-23 17:03:45-debug: Run asset db hook engine-extends:beforePreStart success!
2024-4-23 17:03:46-debug: asset-db:worker-init (3748ms)
2024-4-23 17:03:46-debug: asset-db-hook-programming-beforePreStart (1186ms)
2024-4-23 17:03:46-debug: asset-db-hook-engine-extends-beforePreStart (1185ms)
2024-4-23 17:03:46-debug: Preimport db internal success
2024-4-23 17:03:46-debug: Preimport db assets success
2024-4-23 17:03:46-debug: Run asset db hook programming:afterPreStart ...
2024-4-23 17:03:51-debug: run package(builder) handler(enable) start
2024-4-23 17:04:04-debug: [Assets Memory track]: asset-db-plugin-enable: builder start:109.35MB, end 296.74MB, increase: 187.39MB
2024-4-23 17:04:04-debug: run package(builder) handler(enable) success!
2024-4-23 17:04:04-debug: run package(shortcuts) handler(enable) success!
2024-4-23 17:04:04-debug: run package(about) handler(enable) start
2024-4-23 17:04:04-debug: run package(about) handler(enable) success!
2024-4-23 17:04:04-debug: run package(assets) handler(enable) start
2024-4-23 17:04:04-debug: run package(assets) handler(enable) success!
2024-4-23 17:04:04-debug: run package(shortcuts) handler(enable) start
2024-4-23 17:04:04-debug: run package(console) handler(enable) success!
2024-4-23 17:04:04-debug: run package(crash-reporter) handler(enable) start
2024-4-23 17:04:04-debug: run package(animation-graph) handler(enable) start
2024-4-23 17:04:04-debug: run package(extension) handler(enable) start
2024-4-23 17:04:04-debug: run package(extension) handler(enable) success!
2024-4-23 17:04:04-debug: run package(hierarchy) handler(enable) start
2024-4-23 17:04:04-debug: run package(hierarchy) handler(enable) success!
2024-4-23 17:04:04-debug: run package(inspector) handler(enable) start
2024-4-23 17:04:04-debug: run package(inspector) handler(enable) success!
2024-4-23 17:04:04-debug: run package(light-probe) handler(enable) start
2024-4-23 17:04:04-debug: run package(light-probe) handler(enable) success!
2024-4-23 17:04:04-debug: run package(lightmap) handler(enable) start
2024-4-23 17:04:04-debug: run package(lightmap) handler(enable) success!
2024-4-23 17:04:04-debug: run package(node-library) handler(enable) start
2024-4-23 17:04:04-debug: run package(node-library) handler(enable) success!
2024-4-23 17:04:04-debug: run package(animation-graph) handler(enable) success!
2024-4-23 17:04:04-debug: run package(package-asset) handler(enable) start
2024-4-23 17:04:04-debug: run package(crash-reporter) handler(enable) success!
2024-4-23 17:04:04-debug: run package(package-asset) handler(enable) success!
2024-4-23 17:04:04-debug: run package(reference-image) handler(enable) start
2024-4-23 17:04:04-debug: run package(reference-image) handler(enable) success!
2024-4-23 17:04:04-debug: run package(reflection-probe) handler(enable) start
2024-4-23 17:04:04-debug: run package(reflection-probe) handler(enable) success!
2024-4-23 17:04:04-debug: run package(engine-extends) handler(enable) start
2024-4-23 17:04:04-debug: run package(engine-extends) handler(enable) success!
2024-4-23 17:04:04-debug: run package(adsense-h5g-plugin) handler(enable) start
2024-4-23 17:04:04-debug: run package(adsense-h5g-plugin) handler(enable) success!
2024-4-23 17:04:04-debug: run package(alipay-mini-game) handler(enable) start
2024-4-23 17:04:04-debug: run package(alipay-mini-game) handler(enable) success!
2024-4-23 17:04:04-debug: run package(android) handler(enable) start
2024-4-23 17:04:04-debug: run package(android) handler(enable) success!
2024-4-23 17:04:04-debug: run package(bytedance-mini-game) handler(enable) start
2024-4-23 17:04:04-debug: run package(bytedance-mini-game) handler(enable) success!
2024-4-23 17:04:04-debug: run package(certificate) handler(enable) start
2024-4-23 17:04:04-debug: run package(certificate) handler(enable) success!
2024-4-23 17:04:04-debug: run package(channel-upload-tools) handler(enable) start
2024-4-23 17:04:04-debug: run package(channel-upload-tools) handler(enable) success!
2024-4-23 17:04:04-debug: run package(fb-instant-games) handler(enable) start
2024-4-23 17:04:04-debug: run package(fb-instant-games) handler(enable) success!
2024-4-23 17:04:04-debug: run package(huawei-agc) handler(enable) start
2024-4-23 17:04:04-debug: run package(process) handler(enable) start
2024-4-23 17:04:04-debug: run package(huawei-quick-game) handler(enable) start
2024-4-23 17:04:04-debug: run package(huawei-quick-game) handler(enable) success!
2024-4-23 17:04:04-debug: run package(ios) handler(enable) start
2024-4-23 17:04:04-debug: run package(ios) handler(enable) success!
2024-4-23 17:04:04-debug: run package(linux) handler(enable) start
2024-4-23 17:04:04-debug: run package(linux) handler(enable) success!
2024-4-23 17:04:04-debug: run package(mac) handler(enable) start
2024-4-23 17:04:04-debug: run package(mac) handler(enable) success!
2024-4-23 17:04:04-debug: run package(native) handler(enable) start
2024-4-23 17:04:04-debug: run package(native) handler(enable) success!
2024-4-23 17:04:04-debug: run package(ohos) handler(enable) start
2024-4-23 17:04:04-debug: run package(ohos) handler(enable) success!
2024-4-23 17:04:04-debug: run package(openharmony) handler(enable) start
2024-4-23 17:04:04-debug: run package(openharmony) handler(enable) success!
2024-4-23 17:04:04-debug: run package(oppo-mini-game) handler(enable) start
2024-4-23 17:04:04-debug: run package(oppo-mini-game) handler(enable) success!
2024-4-23 17:04:04-debug: run package(runtime-dev-tools) handler(enable) start
2024-4-23 17:04:04-debug: run package(runtime-dev-tools) handler(enable) success!
2024-4-23 17:04:04-debug: run package(taobao-creative-app) handler(enable) start
2024-4-23 17:04:04-debug: run package(taobao-creative-app) handler(enable) success!
2024-4-23 17:04:04-debug: run package(taobao-mini-game) handler(enable) start
2024-4-23 17:04:04-debug: run package(taobao-mini-game) handler(enable) success!
2024-4-23 17:04:04-debug: run package(vivo-mini-game) handler(enable) start
2024-4-23 17:04:04-debug: run package(vivo-mini-game) handler(enable) success!
2024-4-23 17:04:04-debug: run package(web-desktop) handler(enable) start
2024-4-23 17:04:04-debug: run package(web-desktop) handler(enable) success!
2024-4-23 17:04:04-debug: run package(web-mobile) handler(enable) start
2024-4-23 17:04:04-debug: run package(web-mobile) handler(enable) success!
2024-4-23 17:04:04-debug: run package(wechatgame) handler(enable) start
2024-4-23 17:04:04-debug: run package(wechatgame) handler(enable) success!
2024-4-23 17:04:04-debug: run package(wechatprogram) handler(enable) start
2024-4-23 17:04:04-debug: run package(wechatprogram) handler(enable) success!
2024-4-23 17:04:04-debug: run package(huawei-agc) handler(enable) success!
2024-4-23 17:04:04-debug: run package(windows) handler(enable) start
2024-4-23 17:04:04-debug: run package(xiaomi-quick-game) handler(enable) start
2024-4-23 17:04:04-debug: run package(xiaomi-quick-game) handler(enable) success!
2024-4-23 17:04:04-debug: run package(process) handler(enable) success!
2024-4-23 17:04:04-debug: run package(cocos-service) handler(enable) success!
2024-4-23 17:04:04-debug: run package(windows) handler(enable) success!
2024-4-23 17:04:04-debug: run package(im-plugin) handler(enable) success!
2024-4-23 17:04:04-debug: run package(prefab380fix) handler(enable) start
2024-4-23 17:04:04-debug: run package(prefab380fix) handler(enable) success!
2024-4-23 17:04:04-debug: run package(placeholder) handler(enable) start
2024-4-23 17:04:04-debug: run package(placeholder) handler(enable) success!
2024-4-23 17:04:04-debug: run package(im-plugin) handler(enable) start
2024-4-23 17:04:04-debug: run package(cocos-service) handler(enable) start
2024-4-23 17:04:04-debug: run package(console) handler(enable) start
2024-4-23 17:04:04-debug: Set detail map pack:///resolution-detail-map.json: {}
2024-4-23 17:04:04-debug: Run asset db hook engine-extends:afterPreStart success!
2024-4-23 17:04:04-debug: [Assets Memory track]: asset-db:worker-init: preStart start:91.29MB, end 293.71MB, increase: 202.42MB
2024-4-23 17:04:04-debug: Run asset db hook programming:afterPreStart success!
2024-4-23 17:04:04-debug: Run asset db hook engine-extends:afterPreStart ...
2024-4-23 17:04:04-debug: Start up the 'internal' database...
2024-4-23 17:04:04-debug: asset-db-hook-programming-afterPreStart (17671ms)
2024-4-23 17:04:04-debug: asset-db:worker-effect-data-processing (121ms)
2024-4-23 17:04:04-debug: asset-db-hook-engine-extends-afterPreStart (121ms)
2024-4-23 17:04:04-debug: start asset-db with asset: 459
2024-4-23 17:04:04-debug: [Assets Memory track]: asset-db:worker-startup-database[internal] start:109.26MB, end 296.65MB, increase: 187.39MB
2024-4-23 17:04:04-debug: Start up the 'assets' database...
2024-4-23 17:04:04-debug: asset-db:worker-startup-database[internal] (17952ms)
2024-4-23 17:04:04-debug: start asset-db with asset: 23
2024-4-23 17:04:04-debug: [Assets Memory track]: asset-db:worker-startup-database[assets] start:109.07MB, end 296.91MB, increase: 187.83MB
2024-4-23 17:04:04-debug: [Assets Memory track]: asset-db:worker-init: startup start:293.71MB, end 296.91MB, increase: 3.20MB
2024-4-23 17:04:04-debug: asset-db:worker-startup-database[assets] (17761ms)
2024-4-23 17:04:04-debug: asset-db:ready (25637ms)
2024-4-23 17:04:04-debug: asset-db:start-database (18971ms)
2024-4-23 17:04:04-debug: init worker message success
2024-4-23 17:04:05-debug: [Build Memory track]: builder:worker-init start:292.91MB, end 307.45MB, increase: 14.55MB
2024-4-23 17:04:05-debug: programming:execute-script (14ms)
2024-4-23 17:04:05-debug: builder:worker-init (844ms)
2024-4-23 17:04:07-debug: programming:execute-script (8ms)
2024-4-23 17:07:21-debug: refresh db internal success
2024-4-23 17:07:21-debug: refresh db assets success
2024-4-23 17:07:21-debug: Run asset db hook engine-extends:afterRefresh ...
2024-4-23 17:07:21-debug: Run asset db hook engine-extends:afterRefresh success!
2024-4-23 17:07:21-debug: asset-db:refresh-all-database (130ms)
2024-4-23 17:07:21-debug: asset-db:worker-effect-data-processing (1ms)
2024-4-23 17:07:21-debug: asset-db-hook-engine-extends-afterRefresh (1ms)
2024-4-23 17:07:24-debug: Query all assets info in project
2024-4-23 17:07:24-debug: init custom config: keepNodeUuid: false, useCache: true
2024-4-23 17:07:24-debug:   Number of all scenes: 1
2024-4-23 17:07:24-debug:   Number of all scripts: 8
2024-4-23 17:07:24-debug:   Number of other assets: 345
2024-4-23 17:07:24-debug: reload all scripts.
2024-4-23 17:07:24-debug: Incremental keys: 
2024-4-23 17:07:24-debug: Set detail map pack:///resolution-detail-map.json: {}
2024-4-23 17:07:24-debug: /Users/hanchuang/Games/RotateBlock/temp/programming/packer-driver/targets/editor/chunks/ce/cee638a986ad8fae09398db255647defcaa6612a.js resolved to /Users/hanchuang/Games/RotateBlock/temp/programming/packer-driver/targets/editor/chunks/ce/cee638a986ad8fae09398db255647defcaa6612a.js is not in module cache!
2024-4-23 17:07:24-debug: [[Executor]] Module "cce:/internal/x/cc-fu/gfx-webgl" loaded.
2024-4-23 17:07:24-debug: [[Executor]] Module "cce:/internal/x/cc-fu/3d" loaded.
2024-4-23 17:07:24-debug: [[Executor]] Module "cce:/internal/x/cc-fu/animation" loaded.
2024-4-23 17:07:24-debug: [[Executor]] Module "cce:/internal/x/cc-fu/skeletal-animation" loaded.
2024-4-23 17:07:24-debug: [[Executor]] Module "cce:/internal/x/cc-fu/2d" loaded.
2024-4-23 17:07:24-debug: [[Executor]] Module "cce:/internal/x/cc-fu/sorting" loaded.
2024-4-23 17:07:24-debug: [[Executor]] Module "cce:/internal/x/cc-fu/ui" loaded.
2024-4-23 17:07:24-debug: [[Executor]] Module "cce:/internal/x/cc-fu/base" loaded.
2024-4-23 17:07:24-debug: [[Executor]] Module "cce:/internal/x/cc-fu/particle" loaded.
2024-4-23 17:07:24-debug: [[Executor]] Module "cce:/internal/x/cc-fu/physics-framework" loaded.
2024-4-23 17:07:24-debug: [[Executor]] Module "cce:/internal/x/cc-fu/physics-2d-framework" loaded.
2024-4-23 17:07:24-debug: [[Executor]] Module "cce:/internal/x/cc-fu/intersection-2d" loaded.
2024-4-23 17:07:24-debug: [[Executor]] Module "cce:/internal/x/cc-fu/primitive" loaded.
2024-4-23 17:07:24-debug: [[Executor]] Module "cce:/internal/x/cc-fu/profiler" loaded.
2024-4-23 17:07:24-debug: [[Executor]] Module "cce:/internal/x/cc-fu/geometry-renderer" loaded.
2024-4-23 17:07:24-debug: [[Executor]] Module "cce:/internal/x/cc-fu/audio" loaded.
2024-4-23 17:07:24-debug: [[Executor]] Module "cce:/internal/x/cc-fu/video" loaded.
2024-4-23 17:07:24-debug: [[Executor]] Module "cce:/internal/x/cc-fu/particle-2d" loaded.
2024-4-23 17:07:24-debug: [[Executor]] Module "cce:/internal/x/cc-fu/light-probe" loaded.
2024-4-23 17:07:24-debug: [[Executor]] Module "cce:/internal/x/cc-fu/terrain" loaded.
2024-4-23 17:07:24-debug: [[Executor]] Module "cce:/internal/x/cc-fu/webview" loaded.
2024-4-23 17:07:24-debug: [[Executor]] Module "cce:/internal/x/cc-fu/tween" loaded.
2024-4-23 17:07:24-debug: [[Executor]] Module "cce:/internal/x/cc-fu/tiled-map" loaded.
2024-4-23 17:07:24-debug: [[Executor]] Module "cce:/internal/x/cc-fu/spine" loaded.
2024-4-23 17:07:24-debug: [[Executor]] Module "cce:/internal/x/cc-fu/dragon-bones" loaded.
2024-4-23 17:07:24-debug: [[Executor]] Module "cce:/internal/x/cc-fu/custom-pipeline" loaded.
2024-4-23 17:07:24-debug: [[Executor]] Module "cce:/internal/x/cc-fu/base" loaded.
2024-4-23 17:07:24-debug: [[Executor]] Module "cce:/internal/x/cc-fu/gfx-webgl" loaded.
2024-4-23 17:07:24-debug: [[Executor]] Module "cce:/internal/x/cc-fu/gfx-webgl2" loaded.
2024-4-23 17:07:24-debug: [[Executor]] Module "cce:/internal/x/cc-fu/gfx-empty" loaded.
2024-4-23 17:07:24-debug: [[Executor]] Module "cce:/internal/x/cc-fu/3d" loaded.
2024-4-23 17:07:24-debug: [[Executor]] Module "cce:/internal/x/cc-fu/animation" loaded.
2024-4-23 17:07:24-debug: [[Executor]] Module "cce:/internal/x/cc-fu/skeletal-animation" loaded.
2024-4-23 17:07:24-debug: [[Executor]] Module "cce:/internal/x/cc-fu/2d" loaded.
2024-4-23 17:07:24-debug: [[Executor]] Module "cce:/internal/x/cc-fu/ui" loaded.
2024-4-23 17:07:24-debug: [[Executor]] Module "cce:/internal/x/cc-fu/sorting" loaded.
2024-4-23 17:07:24-debug: [[Executor]] Module "cce:/internal/x/cc-fu/particle-2d" loaded.
2024-4-23 17:07:24-debug: [[Executor]] Module "cce:/internal/x/cc-fu/particle" loaded.
2024-4-23 17:07:24-debug: [[Executor]] Module "cce:/internal/x/cc-fu/physics-framework" loaded.
2024-4-23 17:07:24-debug: [[Executor]] Module "cce:/internal/x/cc-fu/physics-2d-framework" loaded.
2024-4-23 17:07:24-debug: [[Executor]] Module "cce:/internal/x/cc-fu/intersection-2d" loaded.
2024-4-23 17:07:24-debug: [[Executor]] Module "cce:/internal/x/cc-fu/primitive" loaded.
2024-4-23 17:07:24-debug: [[Executor]] Module "cce:/internal/x/cc-fu/profiler" loaded.
2024-4-23 17:07:24-debug: [[Executor]] Module "cce:/internal/x/cc-fu/geometry-renderer" loaded.
2024-4-23 17:07:24-debug: [[Executor]] Module "cce:/internal/x/cc-fu/audio" loaded.
2024-4-23 17:07:24-debug: [[Executor]] Module "cce:/internal/x/cc-fu/video" loaded.
2024-4-23 17:07:24-debug: [[Executor]] Module "cce:/internal/x/cc-fu/xr" loaded.
2024-4-23 17:07:24-debug: [[Executor]] Module "cce:/internal/x/cc-fu/light-probe" loaded.
2024-4-23 17:07:24-debug: [[Executor]] Module "cce:/internal/x/cc-fu/terrain" loaded.
2024-4-23 17:07:24-debug: [[Executor]] Module "cce:/internal/x/cc-fu/tween" loaded.
2024-4-23 17:07:24-debug: [[Executor]] Module "cce:/internal/x/cc-fu/tiled-map" loaded.
2024-4-23 17:07:24-debug: [[Executor]] Module "cce:/internal/x/cc-fu/webview" loaded.
2024-4-23 17:07:24-debug: [[Executor]] Module "cce:/internal/x/cc-fu/xr" loaded.
2024-4-23 17:07:24-debug: [[Executor]] Module "cce:/internal/x/cc-fu/dragon-bones" loaded.
2024-4-23 17:07:24-debug: [[Executor]] Module "cce:/internal/x/cc-fu/custom-pipeline" loaded.
2024-4-23 17:07:24-debug: [[Executor]] Module "pack:///chunks/ce/cee638a986ad8fae09398db255647defcaa6612a.js" loaded.
2024-4-23 17:07:24-debug: [[Executor]] Module "cce:/internal/x/cc-fu/gfx-empty" loaded.
2024-4-23 17:07:24-debug: [[Executor]] Module "pack:///chunks/ce/cee638a986ad8fae09398db255647defcaa6612a.js" loaded.
2024-4-23 17:07:24-debug: Invalidating 'pack:///chunks/ce/cee638a986ad8fae09398db255647defcaa6612a.js'
2024-4-23 17:07:24-debug: [[Executor]] Module "cce:/internal/x/cc-fu/spine" loaded.
2024-4-23 17:07:24-debug: [[Executor]] Module "cce:/internal/x/cc-fu/gfx-webgl2" loaded.
2024-4-23 17:07:24-debug: /Users/hanchuang/Games/RotateBlock/temp/programming/packer-driver/targets/editor/chunks/0a/0a9720cd6802460e9ee754bdc90c884642eb8e69.js resolved to /Users/hanchuang/Games/RotateBlock/temp/programming/packer-driver/targets/editor/chunks/0a/0a9720cd6802460e9ee754bdc90c884642eb8e69.js is not in module cache!
2024-4-23 17:07:24-debug: [[Executor]] Module "pack:///chunks/0a/0a9720cd6802460e9ee754bdc90c884642eb8e69.js" loaded.
2024-4-23 17:07:24-debug: /Users/hanchuang/Games/RotateBlock/temp/programming/packer-driver/targets/editor/chunks/d5/d5608b38b037f8fab3d80ad8b6997514f74129c4.js resolved to /Users/hanchuang/Games/RotateBlock/temp/programming/packer-driver/targets/editor/chunks/d5/d5608b38b037f8fab3d80ad8b6997514f74129c4.js is not in module cache!
2024-4-23 17:07:24-debug: [[Executor]] Register DebugViewRuntimeControl
2024-4-23 17:07:24-debug: [[Executor]] Module "pack:///chunks/d5/d5608b38b037f8fab3d80ad8b6997514f74129c4.js" loaded.
2024-4-23 17:07:24-debug: /Users/hanchuang/Games/RotateBlock/temp/programming/packer-driver/targets/editor/chunks/b6/b6987a50ab6dcb18b363504dfe66cc54e4963eab.js resolved to /Users/hanchuang/Games/RotateBlock/temp/programming/packer-driver/targets/editor/chunks/b6/b6987a50ab6dcb18b363504dfe66cc54e4963eab.js is not in module cache!
2024-4-23 17:07:24-debug: /Users/hanchuang/Games/RotateBlock/temp/programming/packer-driver/targets/editor/chunks/84/84741ad843cea9a440c5d8c2d379669b6551400d.js resolved to /Users/hanchuang/Games/RotateBlock/temp/programming/packer-driver/targets/editor/chunks/84/84741ad843cea9a440c5d8c2d379669b6551400d.js is not in module cache!
2024-4-23 17:07:24-debug: /Users/hanchuang/Games/RotateBlock/temp/programming/packer-driver/targets/editor/chunks/d8/d85ce44301351dfb6a3b20aa44e90c0fd72f077d.js resolved to /Users/hanchuang/Games/RotateBlock/temp/programming/packer-driver/targets/editor/chunks/d8/d85ce44301351dfb6a3b20aa44e90c0fd72f077d.js is not in module cache!
2024-4-23 17:07:24-debug: /Users/hanchuang/Games/RotateBlock/temp/programming/packer-driver/targets/editor/chunks/31/313b9662aa72d8a21506f29236ddec7ad280b5cd.js resolved to /Users/hanchuang/Games/RotateBlock/temp/programming/packer-driver/targets/editor/chunks/31/313b9662aa72d8a21506f29236ddec7ad280b5cd.js is not in module cache!
2024-4-23 17:07:24-debug: /Users/hanchuang/Games/RotateBlock/temp/programming/packer-driver/targets/editor/chunks/0d/0db8a825e0ffa777cc18b0b37814e206e81cd9a8.js resolved to /Users/hanchuang/Games/RotateBlock/temp/programming/packer-driver/targets/editor/chunks/0d/0db8a825e0ffa777cc18b0b37814e206e81cd9a8.js is not in module cache!
2024-4-23 17:07:24-debug: /Users/hanchuang/Games/RotateBlock/temp/programming/packer-driver/targets/editor/chunks/6f/6ffe9982b253fdf75ddc09e532f45d2340d731fb.js resolved to /Users/hanchuang/Games/RotateBlock/temp/programming/packer-driver/targets/editor/chunks/6f/6ffe9982b253fdf75ddc09e532f45d2340d731fb.js is not in module cache!
2024-4-23 17:07:24-debug: [[Executor]] Module "pack:///chunks/d8/d85ce44301351dfb6a3b20aa44e90c0fd72f077d.js" loaded.
2024-4-23 17:07:24-debug: [[Executor]] Register Grid
2024-4-23 17:07:24-debug: [[Executor]] Module "pack:///chunks/76/76281cf15e3ce54b0c397f2ed7e4d30d886af439.js" loaded.
2024-4-23 17:07:24-debug: [[Executor]] Register GameArea
2024-4-23 17:07:24-debug: [[Executor]] Module "pack:///chunks/6f/6ffe9982b253fdf75ddc09e532f45d2340d731fb.js" loaded.
2024-4-23 17:07:24-debug: [[Executor]] Module "pack:///chunks/0d/0db8a825e0ffa777cc18b0b37814e206e81cd9a8.js" loaded.
2024-4-23 17:07:24-debug: [[Executor]] Register Block
2024-4-23 17:07:24-debug: [[Executor]] Module "pack:///chunks/b6/b6987a50ab6dcb18b363504dfe66cc54e4963eab.js" loaded.
2024-4-23 17:07:24-debug: /Users/hanchuang/Games/RotateBlock/temp/programming/packer-driver/targets/editor/chunks/76/76281cf15e3ce54b0c397f2ed7e4d30d886af439.js resolved to /Users/hanchuang/Games/RotateBlock/temp/programming/packer-driver/targets/editor/chunks/76/76281cf15e3ce54b0c397f2ed7e4d30d886af439.js is not in module cache!
2024-4-23 17:07:24-debug: [[Executor]] Module "pack:///chunks/31/313b9662aa72d8a21506f29236ddec7ad280b5cd.js" loaded.
2024-4-23 17:07:24-debug: [[Executor]] Module "pack:///chunks/84/84741ad843cea9a440c5d8c2d379669b6551400d.js" loaded.
2024-4-23 17:07:25-debug: /Users/hanchuang/Games/RotateBlock/temp/programming/packer-driver/targets/editor/chunks/50/507ddce6444640231cbe5e7e5dbdad5ad83c8cd1.js resolved to /Users/hanchuang/Games/RotateBlock/temp/programming/packer-driver/targets/editor/chunks/50/507ddce6444640231cbe5e7e5dbdad5ad83c8cd1.js is not in module cache!
2024-4-23 17:07:25-debug: [[Executor]] Register GameScene
2024-4-23 17:07:25-debug: [[Executor]] Module "pack:///chunks/50/507ddce6444640231cbe5e7e5dbdad5ad83c8cd1.js" loaded.
2024-4-23 17:07:25-debug: [[Executor]] Module "pack:///chunks/0a/0a9720cd6802460e9ee754bdc90c884642eb8e69.js" loaded.
2024-4-23 17:07:25-debug: 查询 Asset Bundle start0%
2024-4-23 17:07:25-debug: // ---- build task 查询 Asset Bundle ----
2024-4-23 17:07:25-debug: Query preload assets from cc.config.json: 60f7195c-ec2a-45eb-ba94-8955f60e81d0,1c02ae6f-4492-4915-b8f8-7492a3b1e4cd,810e96e4-e456-4468-9b59-f4e8f39732c0,efe8e2a3-eace-427b-b4f1-cb8a937ec77d,e9aa9a3e-5b2b-4ac7-a2c7-073de2b2b24f,8bbdbcdd-5cd4-4100-b6d5-b7c9625b6107,50f4348b-c883-4e2f-8f11-ce233b859fa1,fda095cb-831d-4601-ad94-846013963de8,f92806d7-1768-443f-afe8-12bcde84d0f0,dd3a144d-ab7f-41f0-82b8-2e43a090d496,f0416e68-0200-4b77-a926-4f9d16e494da,970b0598-bcb0-4714-91fb-2e81440dccd8,bcd64cc6-2dd9-43f6-abbe-66318d332032,d930590d-bb92-4cc8-8bd1-23cd027f9edf,a3cd009f-0ab0-420d-9278-b9fdab939bbc,c27215d8-6835-4b68-bfbb-bdeac6100c04,b5d6115f-0370-4d7c-aad3-c194cc71cf98,871c3b6c-7379-419d-bda3-794b239ab90d
2024-4-23 17:07:25-debug: // ---- build task 查询 Asset Bundle ---- (31ms)
2024-4-23 17:07:25-debug: run build task 查询 Asset Bundle success in 31 ms √5%
2024-4-23 17:07:25-debug: [Build Memory track]: 查询 Asset Bundle start:250.14MB, end 249.34MB, increase: -818.17KB
2024-4-23 17:07:25-debug: // ---- build task 查询 Asset Bundle ----
2024-4-23 17:07:25-debug: 查询 Asset Bundle start5%
2024-4-23 17:07:25-debug: // ---- build task 查询 Asset Bundle ---- (2ms)
2024-4-23 17:07:25-debug: // ---- build task 整理部分构建选项内数据到 settings.json ----
2024-4-23 17:07:25-debug: [Build Memory track]: 查询 Asset Bundle start:249.35MB, end 249.36MB, increase: 11.00KB
2024-4-23 17:07:25-debug: 整理部分构建选项内数据到 settings.json start10%
2024-4-23 17:07:25-debug: run build task 查询 Asset Bundle success in 2 ms √10%
2024-4-23 17:07:25-debug: // ---- build task 整理部分构建选项内数据到 settings.json ---- (1ms)
2024-4-23 17:07:25-debug: // ---- build task 填充脚本数据到 settings.json ----
2024-4-23 17:07:25-debug: [Build Memory track]: 整理部分构建选项内数据到 settings.json start:249.37MB, end 249.39MB, increase: 15.82KB
2024-4-23 17:07:25-debug: 填充脚本数据到 settings.json start12%
2024-4-23 17:07:25-debug: run build task 整理部分构建选项内数据到 settings.json success in 1 ms √12%
2024-4-23 17:07:25-debug: run build task 填充脚本数据到 settings.json success in 0 ms √13%
2024-4-23 17:07:25-debug: [Build Memory track]: 填充脚本数据到 settings.json start:249.40MB, end 249.41MB, increase: 10.82KB
2024-4-23 17:07:25-debug: 整理部分构建选项内数据到 settings.json start13%
2024-4-23 17:07:25-debug: // ---- build task 整理部分构建选项内数据到 settings.json ----
2024-4-23 17:07:25-debug: // ---- build task 整理部分构建选项内数据到 settings.json ---- (7ms)
2024-4-23 17:07:25-debug: run build task 整理部分构建选项内数据到 settings.json success in 7 ms √15%
2024-4-23 17:07:25-debug: [Build Memory track]: 整理部分构建选项内数据到 settings.json start:249.42MB, end 249.49MB, increase: 74.45KB
2024-4-23 17:08:20-debug: refresh db internal success
2024-4-23 17:08:20-debug: refresh db assets success
2024-4-23 17:08:20-debug: Run asset db hook engine-extends:afterRefresh ...
2024-4-23 17:08:20-debug: Run asset db hook engine-extends:afterRefresh success!
2024-4-23 17:08:20-debug: asset-db:refresh-all-database (73ms)
2024-4-23 17:08:20-debug: asset-db:worker-effect-data-processing (1ms)
2024-4-23 17:08:20-debug: asset-db-hook-engine-extends-afterRefresh (1ms)
2024-4-23 17:08:40-debug: refresh db internal success
2024-4-23 17:08:40-debug: refresh db assets success
2024-4-23 17:08:40-debug: Run asset db hook engine-extends:afterRefresh ...
2024-4-23 17:08:40-debug: Run asset db hook engine-extends:afterRefresh success!
2024-4-23 17:08:40-debug: asset-db:refresh-all-database (88ms)
2024-4-23 17:08:40-debug: asset-db:worker-effect-data-processing (1ms)
2024-4-23 17:08:40-debug: asset-db-hook-engine-extends-afterRefresh (1ms)
2024-4-23 17:10:19-debug: refresh db internal success
2024-4-23 17:10:19-debug: refresh db assets success
2024-4-23 17:10:19-debug: Run asset db hook engine-extends:afterRefresh ...
2024-4-23 17:10:19-debug: Run asset db hook engine-extends:afterRefresh success!
2024-4-23 17:10:19-debug: asset-db:refresh-all-database (89ms)
2024-4-23 17:10:19-debug: asset-db:worker-effect-data-processing (1ms)
2024-4-23 17:10:19-debug: asset-db-hook-engine-extends-afterRefresh (1ms)
