2024-1-20 12:07:14-log: Cannot access game frame or container.
2024-1-20 12:07:15-debug: asset-db:require-engine-code (1514ms)
2024-1-20 12:07:15-log: Cocos Creator v3.8.0
2024-1-20 12:07:15-debug: [Assets Memory track]: asset-db:worker-init: initEngine start:18.86MB, end 87.78MB, increase: 68.92MB
2024-1-20 12:07:16-debug: [Assets Memory track]: asset-db-plugin-register: programming start:88.62MB, end 93.89MB, increase: 5.27MB
2024-1-20 12:07:16-debug: [Assets Memory track]: asset-db:worker-init: initPlugin start:87.79MB, end 91.29MB, increase: 3.50MB
2024-1-20 12:07:16-debug: asset-db:worker-init: initPlugin (406ms)
2024-1-20 12:07:16-debug: Run asset db hook programming:beforePreStart ...
2024-1-20 12:07:16-debug: [Assets Memory track]: asset-db:worker-init start:18.86MB, end 91.34MB, increase: 72.48MB
2024-1-20 12:07:16-debug: Run asset db hook engine-extends:beforePreStart success!
2024-1-20 12:07:16-debug: Run asset db hook engine-extends:beforePreStart ...
2024-1-20 12:07:16-debug: Run asset db hook programming:beforePreStart success!
2024-1-20 12:07:17-debug: asset-db:worker-init (3252ms)
2024-1-20 12:07:17-debug: asset-db-hook-programming-beforePreStart (949ms)
2024-1-20 12:07:17-debug: asset-db-hook-engine-extends-beforePreStart (949ms)
2024-1-20 12:07:17-debug: Preimport db internal success
2024-1-20 12:07:17-debug: Run asset db hook programming:afterPreStart ...
2024-1-20 12:07:17-debug: Preimport db assets success
2024-1-20 12:07:21-debug: run package(builder) handler(enable) start
2024-1-20 12:07:31-debug: run package(builder) handler(enable) success!
2024-1-20 12:07:31-debug: [Assets Memory track]: asset-db-plugin-enable: builder start:109.40MB, end 276.84MB, increase: 167.43MB
2024-1-20 12:07:31-debug: run package(shortcuts) handler(enable) success!
2024-1-20 12:07:31-debug: run package(about) handler(enable) start
2024-1-20 12:07:31-debug: run package(about) handler(enable) success!
2024-1-20 12:07:31-debug: run package(assets) handler(enable) start
2024-1-20 12:07:31-debug: run package(assets) handler(enable) success!
2024-1-20 12:07:31-debug: run package(animation-graph) handler(enable) success!
2024-1-20 12:07:31-debug: run package(console) handler(enable) success!
2024-1-20 12:07:31-debug: run package(crash-reporter) handler(enable) start
2024-1-20 12:07:31-debug: run package(crash-reporter) handler(enable) success!
2024-1-20 12:07:31-debug: run package(extension) handler(enable) start
2024-1-20 12:07:31-debug: run package(extension) handler(enable) success!
2024-1-20 12:07:31-debug: run package(hierarchy) handler(enable) start
2024-1-20 12:07:31-debug: run package(hierarchy) handler(enable) success!
2024-1-20 12:07:31-debug: run package(inspector) handler(enable) start
2024-1-20 12:07:31-debug: run package(inspector) handler(enable) success!
2024-1-20 12:07:31-debug: run package(light-probe) handler(enable) start
2024-1-20 12:07:31-debug: run package(light-probe) handler(enable) success!
2024-1-20 12:07:31-debug: run package(lightmap) handler(enable) start
2024-1-20 12:07:31-debug: run package(lightmap) handler(enable) success!
2024-1-20 12:07:31-debug: run package(node-library) handler(enable) start
2024-1-20 12:07:31-debug: run package(node-library) handler(enable) success!
2024-1-20 12:07:31-debug: run package(package-asset) handler(enable) start
2024-1-20 12:07:31-debug: run package(package-asset) handler(enable) success!
2024-1-20 12:07:31-debug: run package(process) handler(enable) start
2024-1-20 12:07:31-debug: run package(process) handler(enable) success!
2024-1-20 12:07:31-debug: run package(reference-image) handler(enable) start
2024-1-20 12:07:31-debug: run package(reference-image) handler(enable) success!
2024-1-20 12:07:31-debug: run package(reflection-probe) handler(enable) start
2024-1-20 12:07:31-debug: run package(reflection-probe) handler(enable) success!
2024-1-20 12:07:31-debug: run package(engine-extends) handler(enable) start
2024-1-20 12:07:31-debug: run package(engine-extends) handler(enable) success!
2024-1-20 12:07:31-debug: run package(adsense-h5g-plugin) handler(enable) start
2024-1-20 12:07:31-debug: run package(adsense-h5g-plugin) handler(enable) success!
2024-1-20 12:07:31-debug: run package(alipay-mini-game) handler(enable) start
2024-1-20 12:07:31-debug: run package(alipay-mini-game) handler(enable) success!
2024-1-20 12:07:31-debug: run package(android) handler(enable) start
2024-1-20 12:07:31-debug: run package(android) handler(enable) success!
2024-1-20 12:07:31-debug: run package(bytedance-mini-game) handler(enable) start
2024-1-20 12:07:31-debug: run package(bytedance-mini-game) handler(enable) success!
2024-1-20 12:07:31-debug: run package(certificate) handler(enable) start
2024-1-20 12:07:31-debug: run package(certificate) handler(enable) success!
2024-1-20 12:07:31-debug: run package(channel-upload-tools) handler(enable) start
2024-1-20 12:07:31-debug: run package(channel-upload-tools) handler(enable) success!
2024-1-20 12:07:31-debug: run package(fb-instant-games) handler(enable) start
2024-1-20 12:07:31-debug: run package(fb-instant-games) handler(enable) success!
2024-1-20 12:07:31-debug: run package(huawei-agc) handler(enable) start
2024-1-20 12:07:31-debug: run package(huawei-agc) handler(enable) success!
2024-1-20 12:07:31-debug: run package(huawei-quick-game) handler(enable) start
2024-1-20 12:07:31-debug: run package(huawei-quick-game) handler(enable) success!
2024-1-20 12:07:31-debug: run package(ios) handler(enable) start
2024-1-20 12:07:31-debug: run package(ios) handler(enable) success!
2024-1-20 12:07:31-debug: run package(linux) handler(enable) start
2024-1-20 12:07:31-debug: run package(linux) handler(enable) success!
2024-1-20 12:07:31-debug: run package(mac) handler(enable) start
2024-1-20 12:07:31-debug: run package(mac) handler(enable) success!
2024-1-20 12:07:31-debug: run package(native) handler(enable) start
2024-1-20 12:07:31-debug: run package(native) handler(enable) success!
2024-1-20 12:07:31-debug: run package(ohos) handler(enable) start
2024-1-20 12:07:31-debug: run package(ohos) handler(enable) success!
2024-1-20 12:07:31-debug: run package(openharmony) handler(enable) start
2024-1-20 12:07:31-debug: run package(openharmony) handler(enable) success!
2024-1-20 12:07:31-debug: run package(oppo-mini-game) handler(enable) start
2024-1-20 12:07:31-debug: run package(oppo-mini-game) handler(enable) success!
2024-1-20 12:07:31-debug: run package(runtime-dev-tools) handler(enable) start
2024-1-20 12:07:31-debug: run package(runtime-dev-tools) handler(enable) success!
2024-1-20 12:07:31-debug: run package(taobao-creative-app) handler(enable) start
2024-1-20 12:07:31-debug: run package(taobao-creative-app) handler(enable) success!
2024-1-20 12:07:31-debug: run package(taobao-mini-game) handler(enable) start
2024-1-20 12:07:31-debug: run package(taobao-mini-game) handler(enable) success!
2024-1-20 12:07:31-debug: run package(vivo-mini-game) handler(enable) start
2024-1-20 12:07:31-debug: run package(vivo-mini-game) handler(enable) success!
2024-1-20 12:07:31-debug: run package(web-desktop) handler(enable) start
2024-1-20 12:07:31-debug: run package(web-desktop) handler(enable) success!
2024-1-20 12:07:31-debug: run package(web-mobile) handler(enable) start
2024-1-20 12:07:31-debug: run package(web-mobile) handler(enable) success!
2024-1-20 12:07:31-debug: run package(wechatgame) handler(enable) start
2024-1-20 12:07:31-debug: run package(wechatgame) handler(enable) success!
2024-1-20 12:07:31-debug: run package(wechatprogram) handler(enable) start
2024-1-20 12:07:31-debug: run package(wechatprogram) handler(enable) success!
2024-1-20 12:07:31-debug: run package(windows) handler(enable) start
2024-1-20 12:07:31-debug: run package(windows) handler(enable) success!
2024-1-20 12:07:31-debug: run package(xiaomi-quick-game) handler(enable) start
2024-1-20 12:07:31-debug: run package(xiaomi-quick-game) handler(enable) success!
2024-1-20 12:07:31-debug: run package(cocos-service) handler(enable) start
2024-1-20 12:07:31-debug: run package(cocos-service) handler(enable) success!
2024-1-20 12:07:31-debug: run package(im-plugin) handler(enable) start
2024-1-20 12:07:31-debug: run package(im-plugin) handler(enable) success!
2024-1-20 12:07:31-debug: run package(prefab380fix) handler(enable) start
2024-1-20 12:07:31-debug: run package(prefab380fix) handler(enable) success!
2024-1-20 12:07:31-debug: run package(placeholder) handler(enable) start
2024-1-20 12:07:31-debug: run package(placeholder) handler(enable) success!
2024-1-20 12:07:31-debug: run package(console) handler(enable) start
2024-1-20 12:07:31-debug: run package(animation-graph) handler(enable) start
2024-1-20 12:07:31-debug: run package(shortcuts) handler(enable) start
2024-1-20 12:07:31-debug: Set detail map pack:///resolution-detail-map.json: {}
2024-1-20 12:07:31-debug: Run asset db hook programming:afterPreStart success!
2024-1-20 12:07:31-debug: [Assets Memory track]: asset-db:worker-init: preStart start:91.34MB, end 278.77MB, increase: 187.43MB
2024-1-20 12:07:31-debug: Run asset db hook engine-extends:afterPreStart success!
2024-1-20 12:07:31-debug: Run asset db hook engine-extends:afterPreStart ...
2024-1-20 12:07:31-debug: Start up the 'internal' database...
2024-1-20 12:07:31-debug: asset-db-hook-programming-afterPreStart (14677ms)
2024-1-20 12:07:31-debug: asset-db:worker-effect-data-processing (65ms)
2024-1-20 12:07:31-debug: asset-db-hook-engine-extends-afterPreStart (65ms)
2024-1-20 12:07:31-debug: start asset-db with asset: 459
2024-1-20 12:07:31-debug: [Assets Memory track]: asset-db:worker-startup-database[internal] start:109.37MB, end 281.72MB, increase: 172.35MB
2024-1-20 12:07:31-debug: Start up the 'assets' database...
2024-1-20 12:07:31-debug: asset-db:worker-startup-database[internal] (14972ms)
2024-1-20 12:07:31-debug: start asset-db with asset: 23
2024-1-20 12:07:31-debug: [Assets Memory track]: asset-db:worker-startup-database[assets] start:109.12MB, end 281.97MB, increase: 172.86MB
2024-1-20 12:07:31-debug: [Assets Memory track]: asset-db:worker-init: startup start:278.78MB, end 281.98MB, increase: 3.20MB
2024-1-20 12:07:31-debug: asset-db:worker-startup-database[assets] (14781ms)
2024-1-20 12:07:31-debug: asset-db:start-database (15770ms)
2024-1-20 12:07:31-debug: asset-db:ready (21712ms)
2024-1-20 12:07:31-debug: init worker message success
2024-1-20 12:07:32-debug: [Build Memory track]: builder:worker-init start:278.89MB, end 292.93MB, increase: 14.04MB
2024-1-20 12:07:32-debug: programming:execute-script (12ms)
2024-1-20 12:07:32-debug: builder:worker-init (690ms)
2024-1-20 12:07:34-debug: programming:execute-script (5ms)
2024-1-20 12:07:48-debug: Query all assets info in project
2024-1-20 12:07:48-debug: init custom config: keepNodeUuid: false, useCache: true
2024-1-20 12:07:48-debug:   Number of all scenes: 1
2024-1-20 12:07:48-debug:   Number of all scripts: 8
2024-1-20 12:07:48-debug:   Number of other assets: 345
2024-1-20 12:07:48-debug: reload all scripts.
2024-1-20 12:07:48-debug: Incremental keys: 
2024-1-20 12:07:48-debug: Set detail map pack:///resolution-detail-map.json: {}
2024-1-20 12:07:48-debug: /Users/hanchuang/Games/RotateBlock/temp/programming/packer-driver/targets/editor/chunks/ce/cee638a986ad8fae09398db255647defcaa6612a.js resolved to /Users/hanchuang/Games/RotateBlock/temp/programming/packer-driver/targets/editor/chunks/ce/cee638a986ad8fae09398db255647defcaa6612a.js is not in module cache!
2024-1-20 12:07:48-debug: [[Executor]] Module "cce:/internal/x/cc-fu/gfx-empty" loaded.
2024-1-20 12:07:48-debug: [[Executor]] Module "cce:/internal/x/cc-fu/3d" loaded.
2024-1-20 12:07:48-debug: [[Executor]] Module "cce:/internal/x/cc-fu/animation" loaded.
2024-1-20 12:07:48-debug: [[Executor]] Module "cce:/internal/x/cc-fu/skeletal-animation" loaded.
2024-1-20 12:07:48-debug: [[Executor]] Module "cce:/internal/x/cc-fu/2d" loaded.
2024-1-20 12:07:48-debug: [[Executor]] Module "cce:/internal/x/cc-fu/sorting" loaded.
2024-1-20 12:07:48-debug: [[Executor]] Module "cce:/internal/x/cc-fu/ui" loaded.
2024-1-20 12:07:48-debug: [[Executor]] Module "cce:/internal/x/cc-fu/particle" loaded.
2024-1-20 12:07:48-debug: [[Executor]] Module "cce:/internal/x/cc-fu/particle-2d" loaded.
2024-1-20 12:07:48-debug: [[Executor]] Module "cce:/internal/x/cc-fu/physics-framework" loaded.
2024-1-20 12:07:48-debug: [[Executor]] Module "cce:/internal/x/cc-fu/physics-2d-framework" loaded.
2024-1-20 12:07:48-debug: [[Executor]] Module "cce:/internal/x/cc-fu/intersection-2d" loaded.
2024-1-20 12:07:48-debug: [[Executor]] Module "cce:/internal/x/cc-fu/primitive" loaded.
2024-1-20 12:07:48-debug: [[Executor]] Module "cce:/internal/x/cc-fu/profiler" loaded.
2024-1-20 12:07:48-debug: [[Executor]] Module "cce:/internal/x/cc-fu/geometry-renderer" loaded.
2024-1-20 12:07:48-debug: [[Executor]] Module "cce:/internal/x/cc-fu/audio" loaded.
2024-1-20 12:07:48-debug: [[Executor]] Module "cce:/internal/x/cc-fu/video" loaded.
2024-1-20 12:07:48-debug: [[Executor]] Module "cce:/internal/x/cc-fu/xr" loaded.
2024-1-20 12:07:48-debug: [[Executor]] Module "cce:/internal/x/cc-fu/light-probe" loaded.
2024-1-20 12:07:48-debug: [[Executor]] Module "cce:/internal/x/cc-fu/terrain" loaded.
2024-1-20 12:07:48-debug: [[Executor]] Module "cce:/internal/x/cc-fu/webview" loaded.
2024-1-20 12:07:48-debug: [[Executor]] Module "cce:/internal/x/cc-fu/tween" loaded.
2024-1-20 12:07:48-debug: [[Executor]] Module "cce:/internal/x/cc-fu/tiled-map" loaded.
2024-1-20 12:07:48-debug: [[Executor]] Module "cce:/internal/x/cc-fu/spine" loaded.
2024-1-20 12:07:48-debug: [[Executor]] Module "cce:/internal/x/cc-fu/dragon-bones" loaded.
2024-1-20 12:07:48-debug: [[Executor]] Module "cce:/internal/x/cc-fu/custom-pipeline" loaded.
2024-1-20 12:07:48-debug: [[Executor]] Module "cce:/internal/x/cc-fu/gfx-webgl" loaded.
2024-1-20 12:07:48-debug: [[Executor]] Module "cce:/internal/x/cc-fu/base" loaded.
2024-1-20 12:07:48-debug: [[Executor]] Module "cce:/internal/x/cc-fu/gfx-webgl2" loaded.
2024-1-20 12:07:48-debug: [[Executor]] Module "cce:/internal/x/cc-fu/3d" loaded.
2024-1-20 12:07:48-debug: [[Executor]] Module "cce:/internal/x/cc-fu/animation" loaded.
2024-1-20 12:07:48-debug: [[Executor]] Module "cce:/internal/x/cc-fu/skeletal-animation" loaded.
2024-1-20 12:07:48-debug: [[Executor]] Module "cce:/internal/x/cc-fu/2d" loaded.
2024-1-20 12:07:48-debug: [[Executor]] Module "cce:/internal/x/cc-fu/sorting" loaded.
2024-1-20 12:07:48-debug: [[Executor]] Module "cce:/internal/x/cc-fu/base" loaded.
2024-1-20 12:07:48-debug: [[Executor]] Module "cce:/internal/x/cc-fu/particle" loaded.
2024-1-20 12:07:48-debug: [[Executor]] Module "cce:/internal/x/cc-fu/physics-framework" loaded.
2024-1-20 12:07:48-debug: [[Executor]] Module "cce:/internal/x/cc-fu/particle-2d" loaded.
2024-1-20 12:07:48-debug: [[Executor]] Module "cce:/internal/x/cc-fu/physics-2d-framework" loaded.
2024-1-20 12:07:48-debug: [[Executor]] Module "cce:/internal/x/cc-fu/gfx-empty" loaded.
2024-1-20 12:07:48-debug: [[Executor]] Module "cce:/internal/x/cc-fu/intersection-2d" loaded.
2024-1-20 12:07:48-debug: [[Executor]] Module "cce:/internal/x/cc-fu/primitive" loaded.
2024-1-20 12:07:48-debug: [[Executor]] Module "cce:/internal/x/cc-fu/profiler" loaded.
2024-1-20 12:07:48-debug: [[Executor]] Module "cce:/internal/x/cc-fu/geometry-renderer" loaded.
2024-1-20 12:07:48-debug: [[Executor]] Module "cce:/internal/x/cc-fu/audio" loaded.
2024-1-20 12:07:48-debug: [[Executor]] Module "cce:/internal/x/cc-fu/video" loaded.
2024-1-20 12:07:48-debug: [[Executor]] Module "cce:/internal/x/cc-fu/xr" loaded.
2024-1-20 12:07:48-debug: [[Executor]] Module "cce:/internal/x/cc-fu/light-probe" loaded.
2024-1-20 12:07:48-debug: [[Executor]] Module "cce:/internal/x/cc-fu/terrain" loaded.
2024-1-20 12:07:48-debug: [[Executor]] Module "cce:/internal/x/cc-fu/webview" loaded.
2024-1-20 12:07:48-debug: [[Executor]] Module "cce:/internal/x/cc-fu/tween" loaded.
2024-1-20 12:07:48-debug: [[Executor]] Module "cce:/internal/x/cc-fu/tiled-map" loaded.
2024-1-20 12:07:48-debug: [[Executor]] Module "cce:/internal/x/cc-fu/spine" loaded.
2024-1-20 12:07:48-debug: [[Executor]] Module "cce:/internal/x/cc-fu/dragon-bones" loaded.
2024-1-20 12:07:48-debug: [[Executor]] Module "cce:/internal/x/cc-fu/custom-pipeline" loaded.
2024-1-20 12:07:48-debug: [[Executor]] Module "pack:///chunks/ce/cee638a986ad8fae09398db255647defcaa6612a.js" loaded.
2024-1-20 12:07:48-debug: Invalidating 'pack:///chunks/ce/cee638a986ad8fae09398db255647defcaa6612a.js'
2024-1-20 12:07:48-debug: [[Executor]] Module "pack:///chunks/ce/cee638a986ad8fae09398db255647defcaa6612a.js" loaded.
2024-1-20 12:07:48-debug: [[Executor]] Module "cce:/internal/x/cc-fu/gfx-webgl" loaded.
2024-1-20 12:07:48-debug: [[Executor]] Module "cce:/internal/x/cc-fu/gfx-webgl2" loaded.
2024-1-20 12:07:48-debug: [[Executor]] Module "cce:/internal/x/cc-fu/ui" loaded.
2024-1-20 12:07:48-debug: [[Executor]] Module "pack:///chunks/0a/0a9720cd6802460e9ee754bdc90c884642eb8e69.js" loaded.
2024-1-20 12:07:48-debug: /Users/hanchuang/Games/RotateBlock/temp/programming/packer-driver/targets/editor/chunks/0a/0a9720cd6802460e9ee754bdc90c884642eb8e69.js resolved to /Users/hanchuang/Games/RotateBlock/temp/programming/packer-driver/targets/editor/chunks/0a/0a9720cd6802460e9ee754bdc90c884642eb8e69.js is not in module cache!
2024-1-20 12:07:48-debug: /Users/hanchuang/Games/RotateBlock/temp/programming/packer-driver/targets/editor/chunks/d5/d5608b38b037f8fab3d80ad8b6997514f74129c4.js resolved to /Users/hanchuang/Games/RotateBlock/temp/programming/packer-driver/targets/editor/chunks/d5/d5608b38b037f8fab3d80ad8b6997514f74129c4.js is not in module cache!
2024-1-20 12:07:48-debug: [[Executor]] Register DebugViewRuntimeControl
2024-1-20 12:07:48-debug: [[Executor]] Module "pack:///chunks/d5/d5608b38b037f8fab3d80ad8b6997514f74129c4.js" loaded.
2024-1-20 12:07:48-debug: /Users/hanchuang/Games/RotateBlock/temp/programming/packer-driver/targets/editor/chunks/b6/b6987a50ab6dcb18b363504dfe66cc54e4963eab.js resolved to /Users/hanchuang/Games/RotateBlock/temp/programming/packer-driver/targets/editor/chunks/b6/b6987a50ab6dcb18b363504dfe66cc54e4963eab.js is not in module cache!
2024-1-20 12:07:48-debug: /Users/hanchuang/Games/RotateBlock/temp/programming/packer-driver/targets/editor/chunks/84/84741ad843cea9a440c5d8c2d379669b6551400d.js resolved to /Users/hanchuang/Games/RotateBlock/temp/programming/packer-driver/targets/editor/chunks/84/84741ad843cea9a440c5d8c2d379669b6551400d.js is not in module cache!
2024-1-20 12:07:48-debug: /Users/hanchuang/Games/RotateBlock/temp/programming/packer-driver/targets/editor/chunks/31/313b9662aa72d8a21506f29236ddec7ad280b5cd.js resolved to /Users/hanchuang/Games/RotateBlock/temp/programming/packer-driver/targets/editor/chunks/31/313b9662aa72d8a21506f29236ddec7ad280b5cd.js is not in module cache!
2024-1-20 12:07:48-debug: /Users/hanchuang/Games/RotateBlock/temp/programming/packer-driver/targets/editor/chunks/d8/d85ce44301351dfb6a3b20aa44e90c0fd72f077d.js resolved to /Users/hanchuang/Games/RotateBlock/temp/programming/packer-driver/targets/editor/chunks/d8/d85ce44301351dfb6a3b20aa44e90c0fd72f077d.js is not in module cache!
2024-1-20 12:07:48-debug: /Users/hanchuang/Games/RotateBlock/temp/programming/packer-driver/targets/editor/chunks/0d/0db8a825e0ffa777cc18b0b37814e206e81cd9a8.js resolved to /Users/hanchuang/Games/RotateBlock/temp/programming/packer-driver/targets/editor/chunks/0d/0db8a825e0ffa777cc18b0b37814e206e81cd9a8.js is not in module cache!
2024-1-20 12:07:48-debug: /Users/hanchuang/Games/RotateBlock/temp/programming/packer-driver/targets/editor/chunks/6f/6ffe9982b253fdf75ddc09e532f45d2340d731fb.js resolved to /Users/hanchuang/Games/RotateBlock/temp/programming/packer-driver/targets/editor/chunks/6f/6ffe9982b253fdf75ddc09e532f45d2340d731fb.js is not in module cache!
2024-1-20 12:07:48-debug: [[Executor]] Module "pack:///chunks/31/313b9662aa72d8a21506f29236ddec7ad280b5cd.js" loaded.
2024-1-20 12:07:48-debug: [[Executor]] Register Grid
2024-1-20 12:07:48-debug: [[Executor]] Module "pack:///chunks/76/76281cf15e3ce54b0c397f2ed7e4d30d886af439.js" loaded.
2024-1-20 12:07:48-debug: [[Executor]] Register GameArea
2024-1-20 12:07:48-debug: [[Executor]] Module "pack:///chunks/6f/6ffe9982b253fdf75ddc09e532f45d2340d731fb.js" loaded.
2024-1-20 12:07:48-debug: [[Executor]] Module "pack:///chunks/0d/0db8a825e0ffa777cc18b0b37814e206e81cd9a8.js" loaded.
2024-1-20 12:07:48-debug: [[Executor]] Register Block
2024-1-20 12:07:48-debug: [[Executor]] Module "pack:///chunks/b6/b6987a50ab6dcb18b363504dfe66cc54e4963eab.js" loaded.
2024-1-20 12:07:48-debug: [[Executor]] Module "pack:///chunks/d8/d85ce44301351dfb6a3b20aa44e90c0fd72f077d.js" loaded.
2024-1-20 12:07:48-debug: [[Executor]] Module "pack:///chunks/84/84741ad843cea9a440c5d8c2d379669b6551400d.js" loaded.
2024-1-20 12:07:48-debug: /Users/hanchuang/Games/RotateBlock/temp/programming/packer-driver/targets/editor/chunks/76/76281cf15e3ce54b0c397f2ed7e4d30d886af439.js resolved to /Users/hanchuang/Games/RotateBlock/temp/programming/packer-driver/targets/editor/chunks/76/76281cf15e3ce54b0c397f2ed7e4d30d886af439.js is not in module cache!
2024-1-20 12:07:48-debug: /Users/hanchuang/Games/RotateBlock/temp/programming/packer-driver/targets/editor/chunks/50/507ddce6444640231cbe5e7e5dbdad5ad83c8cd1.js resolved to /Users/hanchuang/Games/RotateBlock/temp/programming/packer-driver/targets/editor/chunks/50/507ddce6444640231cbe5e7e5dbdad5ad83c8cd1.js is not in module cache!
2024-1-20 12:07:48-debug: [[Executor]] Register GameScene
2024-1-20 12:07:48-debug: [[Executor]] Module "pack:///chunks/50/507ddce6444640231cbe5e7e5dbdad5ad83c8cd1.js" loaded.
2024-1-20 12:07:48-debug: [[Executor]] Module "pack:///chunks/0a/0a9720cd6802460e9ee754bdc90c884642eb8e69.js" loaded.
2024-1-20 12:07:48-debug: 查询 Asset Bundle start0%
2024-1-20 12:07:48-debug: // ---- build task 查询 Asset Bundle ----
2024-1-20 12:07:48-debug: Query preload assets from cc.config.json: 60f7195c-ec2a-45eb-ba94-8955f60e81d0,1c02ae6f-4492-4915-b8f8-7492a3b1e4cd,810e96e4-e456-4468-9b59-f4e8f39732c0,efe8e2a3-eace-427b-b4f1-cb8a937ec77d,e9aa9a3e-5b2b-4ac7-a2c7-073de2b2b24f,8bbdbcdd-5cd4-4100-b6d5-b7c9625b6107,50f4348b-c883-4e2f-8f11-ce233b859fa1,fda095cb-831d-4601-ad94-846013963de8,f92806d7-1768-443f-afe8-12bcde84d0f0,dd3a144d-ab7f-41f0-82b8-2e43a090d496,f0416e68-0200-4b77-a926-4f9d16e494da,970b0598-bcb0-4714-91fb-2e81440dccd8,bcd64cc6-2dd9-43f6-abbe-66318d332032,d930590d-bb92-4cc8-8bd1-23cd027f9edf,a3cd009f-0ab0-420d-9278-b9fdab939bbc,c27215d8-6835-4b68-bfbb-bdeac6100c04,b5d6115f-0370-4d7c-aad3-c194cc71cf98,871c3b6c-7379-419d-bda3-794b239ab90d
2024-1-20 12:07:48-debug: // ---- build task 查询 Asset Bundle ---- (22ms)
2024-1-20 12:07:48-debug: [Build Memory track]: 查询 Asset Bundle start:244.73MB, end 245.40MB, increase: 682.92KB
2024-1-20 12:07:48-debug: run build task 查询 Asset Bundle success in 22 ms √5%
2024-1-20 12:07:48-debug: 查询 Asset Bundle start5%
2024-1-20 12:07:48-debug: // ---- build task 查询 Asset Bundle ----
2024-1-20 12:07:48-debug: run build task 查询 Asset Bundle success in 0 ms √10%
2024-1-20 12:07:48-debug: [Build Memory track]: 查询 Asset Bundle start:245.40MB, end 245.41MB, increase: 9.93KB
2024-1-20 12:07:48-debug: 整理部分构建选项内数据到 settings.json start10%
2024-1-20 12:07:48-debug: // ---- build task 整理部分构建选项内数据到 settings.json ----
2024-1-20 12:07:48-debug: run build task 整理部分构建选项内数据到 settings.json success in 1 ms √12%
2024-1-20 12:07:48-debug: // ---- build task 填充脚本数据到 settings.json ----
2024-1-20 12:07:48-debug: [Build Memory track]: 整理部分构建选项内数据到 settings.json start:245.42MB, end 245.44MB, increase: 13.61KB
2024-1-20 12:07:48-debug: 填充脚本数据到 settings.json start12%
2024-1-20 12:07:48-debug: // ---- build task 整理部分构建选项内数据到 settings.json ---- (1ms)
2024-1-20 12:07:48-debug: run build task 填充脚本数据到 settings.json success in 1 ms √13%
2024-1-20 12:07:48-debug: 整理部分构建选项内数据到 settings.json start13%
2024-1-20 12:07:48-debug: // ---- build task 填充脚本数据到 settings.json ---- (1ms)
2024-1-20 12:07:48-debug: // ---- build task 整理部分构建选项内数据到 settings.json ----
2024-1-20 12:07:48-debug: [Build Memory track]: 填充脚本数据到 settings.json start:245.45MB, end 245.46MB, increase: 13.56KB
2024-1-20 12:07:48-debug: run build task 整理部分构建选项内数据到 settings.json success in 6 ms √15%
2024-1-20 12:07:48-debug: [Build Memory track]: 整理部分构建选项内数据到 settings.json start:245.47MB, end 245.53MB, increase: 63.32KB
2024-1-20 12:07:48-debug: // ---- build task 整理部分构建选项内数据到 settings.json ---- (6ms)
2024-1-20 12:07:53-debug: Query all assets info in project
2024-1-20 12:07:53-debug: init custom config: keepNodeUuid: false, useCache: true
2024-1-20 12:07:53-debug:   Number of all scenes: 1
2024-1-20 12:07:53-debug:   Number of all scripts: 8
2024-1-20 12:07:53-debug:   Number of other assets: 345
2024-1-20 12:07:53-debug: Incremental keys: 
2024-1-20 12:07:53-debug: reload all scripts.
2024-1-20 12:07:53-debug: Set detail map pack:///resolution-detail-map.json: {}
2024-1-20 12:07:53-debug: Unregister GameScene
2024-1-20 12:07:53-debug: Unregister DebugViewRuntimeControl
2024-1-20 12:07:53-debug: Unregister GameArea
2024-1-20 12:07:53-debug: Invalidating 'pack:///chunks/0a/0a9720cd6802460e9ee754bdc90c884642eb8e69.js'
2024-1-20 12:07:53-debug: Invalidating 'pack:///chunks/ce/cee638a986ad8fae09398db255647defcaa6612a.js'
2024-1-20 12:07:53-debug: Invalidating 'pack:///chunks/b6/b6987a50ab6dcb18b363504dfe66cc54e4963eab.js'
2024-1-20 12:07:53-debug: Unregister Grid
2024-1-20 12:07:53-debug: Invalidating 'pack:///chunks/d8/d85ce44301351dfb6a3b20aa44e90c0fd72f077d.js'
2024-1-20 12:07:53-debug: Invalidating 'pack:///chunks/31/313b9662aa72d8a21506f29236ddec7ad280b5cd.js'
2024-1-20 12:07:53-debug: Invalidating 'pack:///chunks/0d/0db8a825e0ffa777cc18b0b37814e206e81cd9a8.js'
2024-1-20 12:07:53-debug: Invalidating 'pack:///chunks/6f/6ffe9982b253fdf75ddc09e532f45d2340d731fb.js'
2024-1-20 12:07:53-debug: Invalidating 'pack:///chunks/76/76281cf15e3ce54b0c397f2ed7e4d30d886af439.js'
2024-1-20 12:07:53-debug: Invalidating 'pack:///chunks/50/507ddce6444640231cbe5e7e5dbdad5ad83c8cd1.js'
2024-1-20 12:07:53-debug: [[Executor]] Module "pack:///chunks/ce/cee638a986ad8fae09398db255647defcaa6612a.js" loaded.
2024-1-20 12:07:53-debug: [[Executor]] Module "pack:///chunks/0a/0a9720cd6802460e9ee754bdc90c884642eb8e69.js" loaded.
2024-1-20 12:07:53-debug: [[Executor]] Register DebugViewRuntimeControl
2024-1-20 12:07:53-debug: [[Executor]] Module "pack:///chunks/d5/d5608b38b037f8fab3d80ad8b6997514f74129c4.js" loaded.
2024-1-20 12:07:53-debug: [[Executor]] Module "pack:///chunks/84/84741ad843cea9a440c5d8c2d379669b6551400d.js" loaded.
2024-1-20 12:07:53-debug: [[Executor]] Module "pack:///chunks/d8/d85ce44301351dfb6a3b20aa44e90c0fd72f077d.js" loaded.
2024-1-20 12:07:53-debug: [[Executor]] Module "pack:///chunks/31/313b9662aa72d8a21506f29236ddec7ad280b5cd.js" loaded.
2024-1-20 12:07:53-debug: [[Executor]] Register Grid
2024-1-20 12:07:53-debug: [[Executor]] Module "pack:///chunks/76/76281cf15e3ce54b0c397f2ed7e4d30d886af439.js" loaded.
2024-1-20 12:07:53-debug: [[Executor]] Register GameArea
2024-1-20 12:07:53-debug: [[Executor]] Module "pack:///chunks/6f/6ffe9982b253fdf75ddc09e532f45d2340d731fb.js" loaded.
2024-1-20 12:07:53-debug: [[Executor]] Module "pack:///chunks/0d/0db8a825e0ffa777cc18b0b37814e206e81cd9a8.js" loaded.
2024-1-20 12:07:53-debug: [[Executor]] Register Block
2024-1-20 12:07:53-debug: Unregister Block
2024-1-20 12:07:53-debug: Invalidating 'pack:///chunks/84/84741ad843cea9a440c5d8c2d379669b6551400d.js'
2024-1-20 12:07:53-debug: [[Executor]] Module "pack:///chunks/50/507ddce6444640231cbe5e7e5dbdad5ad83c8cd1.js" loaded.
2024-1-20 12:07:53-debug: [[Executor]] Module "pack:///chunks/0a/0a9720cd6802460e9ee754bdc90c884642eb8e69.js" loaded.
2024-1-20 12:07:53-debug: 查询 Asset Bundle start0%
2024-1-20 12:07:53-debug: // ---- build task 查询 Asset Bundle ----
2024-1-20 12:07:53-debug: [[Executor]] Module "pack:///chunks/b6/b6987a50ab6dcb18b363504dfe66cc54e4963eab.js" loaded.
2024-1-20 12:07:53-debug: [[Executor]] Register GameScene
2024-1-20 12:07:53-debug: Invalidating 'pack:///chunks/d5/d5608b38b037f8fab3d80ad8b6997514f74129c4.js'
2024-1-20 12:07:53-debug: Query preload assets from cc.config.json: 60f7195c-ec2a-45eb-ba94-8955f60e81d0,1c02ae6f-4492-4915-b8f8-7492a3b1e4cd,810e96e4-e456-4468-9b59-f4e8f39732c0,efe8e2a3-eace-427b-b4f1-cb8a937ec77d,e9aa9a3e-5b2b-4ac7-a2c7-073de2b2b24f,8bbdbcdd-5cd4-4100-b6d5-b7c9625b6107,50f4348b-c883-4e2f-8f11-ce233b859fa1,fda095cb-831d-4601-ad94-846013963de8,f92806d7-1768-443f-afe8-12bcde84d0f0,dd3a144d-ab7f-41f0-82b8-2e43a090d496,f0416e68-0200-4b77-a926-4f9d16e494da,970b0598-bcb0-4714-91fb-2e81440dccd8,bcd64cc6-2dd9-43f6-abbe-66318d332032,d930590d-bb92-4cc8-8bd1-23cd027f9edf,a3cd009f-0ab0-420d-9278-b9fdab939bbc,c27215d8-6835-4b68-bfbb-bdeac6100c04,b5d6115f-0370-4d7c-aad3-c194cc71cf98,871c3b6c-7379-419d-bda3-794b239ab90d
2024-1-20 12:07:53-debug: // ---- build task 查询 Asset Bundle ---- (15ms)
2024-1-20 12:07:53-debug: run build task 查询 Asset Bundle success in 15 ms √5%
2024-1-20 12:07:53-debug: [Build Memory track]: 查询 Asset Bundle start:245.80MB, end 246.15MB, increase: 362.28KB
2024-1-20 12:07:53-debug: 查询 Asset Bundle start5%
2024-1-20 12:07:53-debug: // ---- build task 查询 Asset Bundle ----
2024-1-20 12:07:53-debug: // ---- build task 查询 Asset Bundle ---- (1ms)
2024-1-20 12:07:53-debug: // ---- build task 整理部分构建选项内数据到 settings.json ----
2024-1-20 12:07:53-debug: [Build Memory track]: 查询 Asset Bundle start:246.16MB, end 246.17MB, increase: 11.14KB
2024-1-20 12:07:53-debug: 整理部分构建选项内数据到 settings.json start10%
2024-1-20 12:07:53-debug: run build task 查询 Asset Bundle success in 1 ms √10%
2024-1-20 12:07:53-debug: run build task 整理部分构建选项内数据到 settings.json success in 0 ms √12%
2024-1-20 12:07:53-debug: [Build Memory track]: 整理部分构建选项内数据到 settings.json start:246.18MB, end 246.19MB, increase: 11.50KB
2024-1-20 12:07:53-debug: // ---- build task 填充脚本数据到 settings.json ----
2024-1-20 12:07:53-debug: 填充脚本数据到 settings.json start12%
2024-1-20 12:07:53-debug: // ---- build task 填充脚本数据到 settings.json ---- (1ms)
2024-1-20 12:07:53-debug: // ---- build task 整理部分构建选项内数据到 settings.json ----
2024-1-20 12:07:53-debug: run build task 填充脚本数据到 settings.json success in 1 ms √13%
2024-1-20 12:07:53-debug: 整理部分构建选项内数据到 settings.json start13%
2024-1-20 12:07:53-debug: [Build Memory track]: 填充脚本数据到 settings.json start:246.20MB, end 246.22MB, increase: 14.30KB
2024-1-20 12:07:53-debug: // ---- build task 整理部分构建选项内数据到 settings.json ---- (3ms)
2024-1-20 12:07:53-debug: run build task 整理部分构建选项内数据到 settings.json success in 3 ms √15%
2024-1-20 12:07:53-debug: [Build Memory track]: 整理部分构建选项内数据到 settings.json start:246.23MB, end 246.30MB, increase: 72.77KB
2024-1-20 12:07:59-debug: refresh db internal success
2024-1-20 12:07:59-debug: refresh db assets success
2024-1-20 12:07:59-debug: Run asset db hook engine-extends:afterRefresh ...
2024-1-20 12:07:59-debug: Run asset db hook engine-extends:afterRefresh success!
2024-1-20 12:07:59-debug: asset-db:refresh-all-database (114ms)
2024-1-20 12:07:59-debug: asset-db:worker-effect-data-processing (2ms)
2024-1-20 12:07:59-debug: asset-db-hook-engine-extends-afterRefresh (3ms)
2024-1-20 12:08:03-debug: Query all assets info in project
2024-1-20 12:08:03-debug: init custom config: keepNodeUuid: false, useCache: true
2024-1-20 12:08:03-debug:   Number of all scenes: 1
2024-1-20 12:08:03-debug:   Number of all scripts: 8
2024-1-20 12:08:03-debug:   Number of other assets: 345
2024-1-20 12:08:03-debug: reload all scripts.
2024-1-20 12:08:03-debug: Incremental keys: 
2024-1-20 12:08:03-debug: Set detail map pack:///resolution-detail-map.json: {}
2024-1-20 12:08:03-debug: Unregister GameScene
2024-1-20 12:08:03-debug: Unregister Block
2024-1-20 12:08:03-debug: Invalidating 'pack:///chunks/ce/cee638a986ad8fae09398db255647defcaa6612a.js'
2024-1-20 12:08:03-debug: Invalidating 'pack:///chunks/0a/0a9720cd6802460e9ee754bdc90c884642eb8e69.js'
2024-1-20 12:08:03-debug: Invalidating 'pack:///chunks/b6/b6987a50ab6dcb18b363504dfe66cc54e4963eab.js'
2024-1-20 12:08:03-debug: Invalidating 'pack:///chunks/d5/d5608b38b037f8fab3d80ad8b6997514f74129c4.js'
2024-1-20 12:08:03-debug: Invalidating 'pack:///chunks/84/84741ad843cea9a440c5d8c2d379669b6551400d.js'
2024-1-20 12:08:03-debug: Invalidating 'pack:///chunks/d8/d85ce44301351dfb6a3b20aa44e90c0fd72f077d.js'
2024-1-20 12:08:03-debug: Invalidating 'pack:///chunks/0d/0db8a825e0ffa777cc18b0b37814e206e81cd9a8.js'
2024-1-20 12:08:03-debug: Invalidating 'pack:///chunks/31/313b9662aa72d8a21506f29236ddec7ad280b5cd.js'
2024-1-20 12:08:03-debug: Invalidating 'pack:///chunks/6f/6ffe9982b253fdf75ddc09e532f45d2340d731fb.js'
2024-1-20 12:08:03-debug: Invalidating 'pack:///chunks/76/76281cf15e3ce54b0c397f2ed7e4d30d886af439.js'
2024-1-20 12:08:03-debug: Invalidating 'pack:///chunks/50/507ddce6444640231cbe5e7e5dbdad5ad83c8cd1.js'
2024-1-20 12:08:03-debug: [[Executor]] Module "pack:///chunks/ce/cee638a986ad8fae09398db255647defcaa6612a.js" loaded.
2024-1-20 12:08:03-debug: [[Executor]] Module "pack:///chunks/0a/0a9720cd6802460e9ee754bdc90c884642eb8e69.js" loaded.
2024-1-20 12:08:03-debug: [[Executor]] Register DebugViewRuntimeControl
2024-1-20 12:08:03-debug: [[Executor]] Module "pack:///chunks/d5/d5608b38b037f8fab3d80ad8b6997514f74129c4.js" loaded.
2024-1-20 12:08:03-debug: [[Executor]] Module "pack:///chunks/84/84741ad843cea9a440c5d8c2d379669b6551400d.js" loaded.
2024-1-20 12:08:03-debug: [[Executor]] Module "pack:///chunks/d8/d85ce44301351dfb6a3b20aa44e90c0fd72f077d.js" loaded.
2024-1-20 12:08:03-debug: [[Executor]] Module "pack:///chunks/31/313b9662aa72d8a21506f29236ddec7ad280b5cd.js" loaded.
2024-1-20 12:08:03-debug: [[Executor]] Register Grid
2024-1-20 12:08:03-debug: [[Executor]] Module "pack:///chunks/76/76281cf15e3ce54b0c397f2ed7e4d30d886af439.js" loaded.
2024-1-20 12:08:03-debug: [[Executor]] Register GameArea
2024-1-20 12:08:03-debug: [[Executor]] Module "pack:///chunks/6f/6ffe9982b253fdf75ddc09e532f45d2340d731fb.js" loaded.
2024-1-20 12:08:03-debug: [[Executor]] Module "pack:///chunks/0d/0db8a825e0ffa777cc18b0b37814e206e81cd9a8.js" loaded.
2024-1-20 12:08:03-debug: [[Executor]] Register Block
2024-1-20 12:08:03-debug: [[Executor]] Module "pack:///chunks/b6/b6987a50ab6dcb18b363504dfe66cc54e4963eab.js" loaded.
2024-1-20 12:08:03-debug: [[Executor]] Register GameScene
2024-1-20 12:08:03-debug: [[Executor]] Module "pack:///chunks/50/507ddce6444640231cbe5e7e5dbdad5ad83c8cd1.js" loaded.
2024-1-20 12:08:03-debug: [[Executor]] Module "pack:///chunks/0a/0a9720cd6802460e9ee754bdc90c884642eb8e69.js" loaded.
2024-1-20 12:08:03-debug: 查询 Asset Bundle start0%
2024-1-20 12:08:03-debug: // ---- build task 查询 Asset Bundle ----
2024-1-20 12:08:03-debug: Unregister Grid
2024-1-20 12:08:03-debug: Unregister DebugViewRuntimeControl
2024-1-20 12:08:03-debug: Unregister GameArea
2024-1-20 12:08:03-debug: Query preload assets from cc.config.json: 60f7195c-ec2a-45eb-ba94-8955f60e81d0,1c02ae6f-4492-4915-b8f8-7492a3b1e4cd,810e96e4-e456-4468-9b59-f4e8f39732c0,efe8e2a3-eace-427b-b4f1-cb8a937ec77d,e9aa9a3e-5b2b-4ac7-a2c7-073de2b2b24f,8bbdbcdd-5cd4-4100-b6d5-b7c9625b6107,50f4348b-c883-4e2f-8f11-ce233b859fa1,fda095cb-831d-4601-ad94-846013963de8,f92806d7-1768-443f-afe8-12bcde84d0f0,dd3a144d-ab7f-41f0-82b8-2e43a090d496,f0416e68-0200-4b77-a926-4f9d16e494da,970b0598-bcb0-4714-91fb-2e81440dccd8,bcd64cc6-2dd9-43f6-abbe-66318d332032,d930590d-bb92-4cc8-8bd1-23cd027f9edf,a3cd009f-0ab0-420d-9278-b9fdab939bbc,c27215d8-6835-4b68-bfbb-bdeac6100c04,b5d6115f-0370-4d7c-aad3-c194cc71cf98,871c3b6c-7379-419d-bda3-794b239ab90d
2024-1-20 12:08:03-debug: run build task 查询 Asset Bundle success in 15 ms √5%
2024-1-20 12:08:03-debug: // ---- build task 查询 Asset Bundle ----
2024-1-20 12:08:03-debug: [Build Memory track]: 查询 Asset Bundle start:246.47MB, end 246.91MB, increase: 457.04KB
2024-1-20 12:08:03-debug: 查询 Asset Bundle start5%
2024-1-20 12:08:03-debug: // ---- build task 查询 Asset Bundle ---- (15ms)
2024-1-20 12:08:03-debug: run build task 查询 Asset Bundle success in 0 ms √10%
2024-1-20 12:08:03-debug: // ---- build task 整理部分构建选项内数据到 settings.json ----
2024-1-20 12:08:03-debug: 整理部分构建选项内数据到 settings.json start10%
2024-1-20 12:08:03-debug: [Build Memory track]: 查询 Asset Bundle start:246.92MB, end 246.93MB, increase: 8.68KB
2024-1-20 12:08:03-debug: run build task 整理部分构建选项内数据到 settings.json success in 2 ms √12%
2024-1-20 12:08:03-debug: // ---- build task 填充脚本数据到 settings.json ----
2024-1-20 12:08:03-debug: // ---- build task 整理部分构建选项内数据到 settings.json ---- (2ms)
2024-1-20 12:08:03-debug: [Build Memory track]: 整理部分构建选项内数据到 settings.json start:246.94MB, end 246.95MB, increase: 14.52KB
2024-1-20 12:08:03-debug: 填充脚本数据到 settings.json start12%
2024-1-20 12:08:03-debug: run build task 填充脚本数据到 settings.json success in 1 ms √13%
2024-1-20 12:08:03-debug: // ---- build task 整理部分构建选项内数据到 settings.json ----
2024-1-20 12:08:03-debug: [Build Memory track]: 填充脚本数据到 settings.json start:246.96MB, end 246.98MB, increase: 12.42KB
2024-1-20 12:08:03-debug: 整理部分构建选项内数据到 settings.json start13%
2024-1-20 12:08:03-debug: // ---- build task 填充脚本数据到 settings.json ---- (1ms)
2024-1-20 12:08:03-debug: // ---- build task 整理部分构建选项内数据到 settings.json ---- (4ms)
2024-1-20 12:08:03-debug: run build task 整理部分构建选项内数据到 settings.json success in 4 ms √15%
2024-1-20 12:08:03-debug: [Build Memory track]: 整理部分构建选项内数据到 settings.json start:246.98MB, end 247.05MB, increase: 68.64KB
2024-1-20 12:08:04-debug: Query all assets info in project
2024-1-20 12:08:04-debug: init custom config: keepNodeUuid: false, useCache: true
2024-1-20 12:08:04-debug:   Number of all scenes: 1
2024-1-20 12:08:04-debug:   Number of all scripts: 8
2024-1-20 12:08:04-debug:   Number of other assets: 345
2024-1-20 12:08:04-debug: reload all scripts.
2024-1-20 12:08:04-debug: Incremental keys: 
2024-1-20 12:08:04-debug: Set detail map pack:///resolution-detail-map.json: {}
2024-1-20 12:08:04-debug: Unregister DebugViewRuntimeControl
2024-1-20 12:08:04-debug: Unregister GameScene
2024-1-20 12:08:04-debug: Invalidating 'pack:///chunks/ce/cee638a986ad8fae09398db255647defcaa6612a.js'
2024-1-20 12:08:04-debug: Invalidating 'pack:///chunks/0a/0a9720cd6802460e9ee754bdc90c884642eb8e69.js'
2024-1-20 12:08:04-debug: Invalidating 'pack:///chunks/d5/d5608b38b037f8fab3d80ad8b6997514f74129c4.js'
2024-1-20 12:08:04-debug: Invalidating 'pack:///chunks/b6/b6987a50ab6dcb18b363504dfe66cc54e4963eab.js'
2024-1-20 12:08:04-debug: Invalidating 'pack:///chunks/84/84741ad843cea9a440c5d8c2d379669b6551400d.js'
2024-1-20 12:08:04-debug: Invalidating 'pack:///chunks/d8/d85ce44301351dfb6a3b20aa44e90c0fd72f077d.js'
2024-1-20 12:08:04-debug: Invalidating 'pack:///chunks/0d/0db8a825e0ffa777cc18b0b37814e206e81cd9a8.js'
2024-1-20 12:08:04-debug: Invalidating 'pack:///chunks/31/313b9662aa72d8a21506f29236ddec7ad280b5cd.js'
2024-1-20 12:08:04-debug: Invalidating 'pack:///chunks/6f/6ffe9982b253fdf75ddc09e532f45d2340d731fb.js'
2024-1-20 12:08:04-debug: Unregister Block
2024-1-20 12:08:04-debug: Invalidating 'pack:///chunks/50/507ddce6444640231cbe5e7e5dbdad5ad83c8cd1.js'
2024-1-20 12:08:04-debug: [[Executor]] Module "pack:///chunks/ce/cee638a986ad8fae09398db255647defcaa6612a.js" loaded.
2024-1-20 12:08:04-debug: [[Executor]] Module "pack:///chunks/0a/0a9720cd6802460e9ee754bdc90c884642eb8e69.js" loaded.
2024-1-20 12:08:04-debug: Invalidating 'pack:///chunks/76/76281cf15e3ce54b0c397f2ed7e4d30d886af439.js'
2024-1-20 12:08:04-debug: [[Executor]] Module "pack:///chunks/d5/d5608b38b037f8fab3d80ad8b6997514f74129c4.js" loaded.
2024-1-20 12:08:04-debug: [[Executor]] Module "pack:///chunks/84/84741ad843cea9a440c5d8c2d379669b6551400d.js" loaded.
2024-1-20 12:08:04-debug: [[Executor]] Module "pack:///chunks/d8/d85ce44301351dfb6a3b20aa44e90c0fd72f077d.js" loaded.
2024-1-20 12:08:04-debug: [[Executor]] Module "pack:///chunks/31/313b9662aa72d8a21506f29236ddec7ad280b5cd.js" loaded.
2024-1-20 12:08:04-debug: [[Executor]] Register Grid
2024-1-20 12:08:04-debug: [[Executor]] Module "pack:///chunks/76/76281cf15e3ce54b0c397f2ed7e4d30d886af439.js" loaded.
2024-1-20 12:08:04-debug: [[Executor]] Register GameArea
2024-1-20 12:08:04-debug: [[Executor]] Module "pack:///chunks/6f/6ffe9982b253fdf75ddc09e532f45d2340d731fb.js" loaded.
2024-1-20 12:08:04-debug: [[Executor]] Module "pack:///chunks/0d/0db8a825e0ffa777cc18b0b37814e206e81cd9a8.js" loaded.
2024-1-20 12:08:04-debug: [[Executor]] Register Block
2024-1-20 12:08:04-debug: [[Executor]] Module "pack:///chunks/b6/b6987a50ab6dcb18b363504dfe66cc54e4963eab.js" loaded.
2024-1-20 12:08:04-debug: [[Executor]] Register GameScene
2024-1-20 12:08:04-debug: [[Executor]] Module "pack:///chunks/50/507ddce6444640231cbe5e7e5dbdad5ad83c8cd1.js" loaded.
2024-1-20 12:08:04-debug: [[Executor]] Module "pack:///chunks/0a/0a9720cd6802460e9ee754bdc90c884642eb8e69.js" loaded.
2024-1-20 12:08:04-debug: 查询 Asset Bundle start0%
2024-1-20 12:08:04-debug: // ---- build task 查询 Asset Bundle ----
2024-1-20 12:08:04-debug: Unregister GameArea
2024-1-20 12:08:04-debug: [[Executor]] Register DebugViewRuntimeControl
2024-1-20 12:08:04-debug: Unregister Grid
2024-1-20 12:08:04-debug: Query preload assets from cc.config.json: 60f7195c-ec2a-45eb-ba94-8955f60e81d0,1c02ae6f-4492-4915-b8f8-7492a3b1e4cd,810e96e4-e456-4468-9b59-f4e8f39732c0,efe8e2a3-eace-427b-b4f1-cb8a937ec77d,e9aa9a3e-5b2b-4ac7-a2c7-073de2b2b24f,8bbdbcdd-5cd4-4100-b6d5-b7c9625b6107,50f4348b-c883-4e2f-8f11-ce233b859fa1,fda095cb-831d-4601-ad94-846013963de8,f92806d7-1768-443f-afe8-12bcde84d0f0,dd3a144d-ab7f-41f0-82b8-2e43a090d496,f0416e68-0200-4b77-a926-4f9d16e494da,970b0598-bcb0-4714-91fb-2e81440dccd8,bcd64cc6-2dd9-43f6-abbe-66318d332032,d930590d-bb92-4cc8-8bd1-23cd027f9edf,a3cd009f-0ab0-420d-9278-b9fdab939bbc,c27215d8-6835-4b68-bfbb-bdeac6100c04,b5d6115f-0370-4d7c-aad3-c194cc71cf98,871c3b6c-7379-419d-bda3-794b239ab90d
2024-1-20 12:08:04-debug: // ---- build task 查询 Asset Bundle ---- (12ms)
2024-1-20 12:08:04-debug: // ---- build task 查询 Asset Bundle ----
2024-1-20 12:08:04-debug: [Build Memory track]: 查询 Asset Bundle start:250.07MB, end 248.78MB, increase: -1315.32KB
2024-1-20 12:08:04-debug: 查询 Asset Bundle start5%
2024-1-20 12:08:04-debug: run build task 查询 Asset Bundle success in 12 ms √5%
2024-1-20 12:08:04-debug: run build task 查询 Asset Bundle success in 1 ms √10%
2024-1-20 12:08:04-debug: // ---- build task 整理部分构建选项内数据到 settings.json ----
2024-1-20 12:08:04-debug: [Build Memory track]: 查询 Asset Bundle start:248.79MB, end 248.81MB, increase: 14.06KB
2024-1-20 12:08:04-debug: 整理部分构建选项内数据到 settings.json start10%
2024-1-20 12:08:04-debug: // ---- build task 查询 Asset Bundle ---- (1ms)
2024-1-20 12:08:04-debug: run build task 整理部分构建选项内数据到 settings.json success in 0 ms √12%
2024-1-20 12:08:04-debug: 填充脚本数据到 settings.json start12%
2024-1-20 12:08:04-debug: [Build Memory track]: 整理部分构建选项内数据到 settings.json start:248.82MB, end 248.83MB, increase: 12.57KB
2024-1-20 12:08:04-debug: // ---- build task 填充脚本数据到 settings.json ----
2024-1-20 12:08:04-debug: run build task 填充脚本数据到 settings.json success in 0 ms √13%
2024-1-20 12:08:04-debug: [Build Memory track]: 填充脚本数据到 settings.json start:248.84MB, end 248.85MB, increase: 10.74KB
2024-1-20 12:08:04-debug: 整理部分构建选项内数据到 settings.json start13%
2024-1-20 12:08:04-debug: // ---- build task 整理部分构建选项内数据到 settings.json ----
2024-1-20 12:08:04-debug: // ---- build task 整理部分构建选项内数据到 settings.json ---- (3ms)
2024-1-20 12:08:04-debug: run build task 整理部分构建选项内数据到 settings.json success in 3 ms √15%
2024-1-20 12:08:04-debug: [Build Memory track]: 整理部分构建选项内数据到 settings.json start:248.86MB, end 248.91MB, increase: 57.40KB
2024-1-20 15:25:19-debug: refresh db internal success
2024-1-20 15:25:19-debug: refresh db assets success
2024-1-20 15:25:19-debug: Run asset db hook engine-extends:afterRefresh ...
2024-1-20 15:25:19-debug: Run asset db hook engine-extends:afterRefresh success!
2024-1-20 15:25:19-debug: asset-db:refresh-all-database (250ms)
2024-1-20 15:25:19-debug: asset-db:worker-effect-data-processing (2ms)
2024-1-20 15:25:19-debug: asset-db-hook-engine-extends-afterRefresh (2ms)
